Arguments: 
  /usr/local/Cellar/node/17.0.1/bin/node /usr/local/Cellar/yarn/1.22.17/libexec/bin/yarn.js add hugo-lunr-zh -D

PATH: 
  /usr/local/bin:/usr/local/sbin:/usr/local/bin:/usr/bin:/bin:/usr/sbin:/sbin

Yarn version: 
  1.22.17

Node version: 
  17.0.1

Platform: 
  darwin x64

Trace: 
  Error: https://registry.yarnpkg.com/hugo-lunr-zh: ETIMEDOUT
      at Timeout._onTimeout (/usr/local/Cellar/yarn/1.22.17/libexec/lib/cli.js:141543:19)
      at listOnTimeout (node:internal/timers:557:17)
      at processTimers (node:internal/timers:500:7)

npm manifest: 
  {
    "name": "qingcloud-docs",
    "version": "0.0.1",
    "description": "QingCloud documentation 2.0.",
    "main": "none.js",
    "scripts": {
      "test": "echo \"Error: no test specified\" && exit 1",
      "index": "hugo-lunr"
    },
    "repository": {
      "type": "git",
      "url": "git+https://github.com/yunify/qingcloud-docs.git"
    },
    "author": "",
    "license": "ISC",
    "bugs": {
      "url": "https://github.com/yunify/qingcloud-docs/issues"
    },
    "homepage": "https://github.com/yunify/qingcloud-docs#readme",
    "dependencies": {
      "wkhtmltopdf": "^0.4.0",
      "hugo-lunr-diaspora": "^1.0.0"
    },
    "devDependencies": {
      "autoprefixer": "^9.8.6",
      "grunt": "^1.4.1",
      "postcss-cli": "^5.0.1",
      "string": "^3.3.3",
      "toml": "^3.0.0"
    }
  }

yarn manifest: 
  No manifest

Lockfile: 
  # THIS IS AN AUTOGENERATED FILE. DO NOT EDIT THIS FILE DIRECTLY.
  # yarn lockfile v1
  
  
  "@mrmlnc/readdir-enhanced@^2.2.1":
    "integrity" "sha512-bPHp6Ji8b41szTOcaP63VlnbbO5Ny6dwAATtY6JTjh5N2OLrb5Qk/Th5cRkRQhkWCt+EJsYrNB0MiL+Gpn6e3g=="
    "resolved" "https://registry.npmjs.org/@mrmlnc/readdir-enhanced/-/readdir-enhanced-2.2.1.tgz"
    "version" "2.2.1"
    dependencies:
      "call-me-maybe" "^1.0.1"
      "glob-to-regexp" "^0.3.0"
  
  "@nodelib/fs.stat@^1.1.2":
    "integrity" "sha512-shAmDyaQC4H92APFoIaVDHCx5bStIocgvbwQyxPRrbUY20V1EYTbSDchWbuwlMG3V17cprZhA6+78JfB+3DTPw=="
    "resolved" "https://registry.npmjs.org/@nodelib/fs.stat/-/fs.stat-1.1.3.tgz"
    "version" "1.1.3"
  
  "abbrev@1":
    "integrity" "sha512-nne9/IiQ/hzIhY6pdDnbBtz7DjPTKrY00P/zvPSm5pOFkl6xuGrGnXn/VtTNNfNtAfZ9/1RtehkszU9qcTii0Q=="
    "resolved" "https://registry.npmjs.org/abbrev/-/abbrev-1.1.1.tgz"
    "version" "1.1.1"
  
  "ansi-red@^0.1.1":
    "integrity" "sha1-jGOPnRCAgAo1PJwoyKgcpHBdlGw="
    "resolved" "https://registry.npmjs.org/ansi-red/-/ansi-red-0.1.1.tgz"
    "version" "0.1.1"
    dependencies:
      "ansi-wrap" "0.1.0"
  
  "ansi-regex@^2.0.0":
    "integrity" "sha1-w7M6te42DYbg5ijwRorn7yfWVN8="
    "resolved" "https://registry.npmjs.org/ansi-regex/-/ansi-regex-2.1.1.tgz"
    "version" "2.1.1"
  
  "ansi-regex@^3.0.0":
    "integrity" "sha1-7QMXwyIGT3lGbAKWa922Bas32Zg="
    "resolved" "https://registry.npmjs.org/ansi-regex/-/ansi-regex-3.0.0.tgz"
    "version" "3.0.0"
  
  "ansi-styles@^3.2.1":
    "integrity" "sha512-VT0ZI6kZRdTh8YyJw3SMbYm/u+NqfsAxEpWO0Pf9sq8/e94WxxOpPKx9FR1FlyCtOVDNOQ+8ntlqFxiRc+r5qA=="
    "resolved" "https://registry.npmjs.org/ansi-styles/-/ansi-styles-3.2.1.tgz"
    "version" "3.2.1"
    dependencies:
      "color-convert" "^1.9.0"
  
  "ansi-styles@^4.1.0":
    "integrity" "sha512-zbB9rCJAT1rbjiVDb2hqKFHNYLxgtk8NURxZ3IZwD3F6NtxbXZQCnnSi1Lkx+IDohdPlFp222wVALIheZJQSEg=="
    "resolved" "https://registry.npmjs.org/ansi-styles/-/ansi-styles-4.3.0.tgz"
    "version" "4.3.0"
    dependencies:
      "color-convert" "^2.0.1"
  
  "ansi-wrap@0.1.0":
    "integrity" "sha1-qCJQ3bABXponyoLoLqYDu/pF768="
    "resolved" "https://registry.npmjs.org/ansi-wrap/-/ansi-wrap-0.1.0.tgz"
    "version" "0.1.0"
  
  "anymatch@^2.0.0":
    "integrity" "sha512-5teOsQWABXHHBFP9y3skS5P3d/WfWXpv3FUpy+LorMrNYaT9pI4oLMQX7jzQ2KklNpGpWHzdCXTDT2Y3XGlZBw=="
    "resolved" "https://registry.npmjs.org/anymatch/-/anymatch-2.0.0.tgz"
    "version" "2.0.0"
    dependencies:
      "micromatch" "^3.1.4"
      "normalize-path" "^2.1.1"
  
  "argparse@^1.0.7":
    "integrity" "sha512-o5Roy6tNG4SL/FOkCAN6RzjiakZS25RLYFrcMttJqbdd8BWrnA+fGz57iN5Pb06pvBGvl5gQ0B48dJlslXvoTg=="
    "resolved" "https://registry.npmjs.org/argparse/-/argparse-1.0.10.tgz"
    "version" "1.0.10"
    dependencies:
      "sprintf-js" "~1.0.2"
  
  "arr-diff@^4.0.0":
    "integrity" "sha1-1kYQdP6/7HHn4VI1dhoyml3HxSA="
    "resolved" "https://registry.npmjs.org/arr-diff/-/arr-diff-4.0.0.tgz"
    "version" "4.0.0"
  
  "arr-flatten@^1.1.0":
    "integrity" "sha512-L3hKV5R/p5o81R7O02IGnwpDmkp6E982XhtbuwSe3O4qOtMMMtodicASA1Cny2U+aCXcNpml+m4dPsvsJ3jatg=="
    "resolved" "https://registry.npmjs.org/arr-flatten/-/arr-flatten-1.1.0.tgz"
    "version" "1.1.0"
  
  "arr-union@^3.1.0":
    "integrity" "sha1-45sJrqne+Gao8gbiiK9jkZuuOcQ="
    "resolved" "https://registry.npmjs.org/arr-union/-/arr-union-3.1.0.tgz"
    "version" "3.1.0"
  
  "array-each@^1.0.1":
    "integrity" "sha1-p5SvDAWrF1KEbudTofIRoFugxE8="
    "resolved" "https://registry.npmjs.org/array-each/-/array-each-1.0.1.tgz"
    "version" "1.0.1"
  
  "array-slice@^1.0.0":
    "integrity" "sha512-B1qMD3RBP7O8o0H2KbrXDyB0IccejMF15+87Lvlor12ONPRHP6gTjXMNkt/d3ZuOGbAe66hFmaCfECI24Ufp6w=="
    "resolved" "https://registry.npmjs.org/array-slice/-/array-slice-1.1.0.tgz"
    "version" "1.1.0"
  
  "array-union@^1.0.1":
    "integrity" "sha1-mjRBDk9OPaI96jdb5b5w8kd47Dk="
    "resolved" "https://registry.npmjs.org/array-union/-/array-union-1.0.2.tgz"
    "version" "1.0.2"
    dependencies:
      "array-uniq" "^1.0.1"
  
  "array-uniq@^1.0.1":
    "integrity" "sha1-r2rId6Jcx/dOBYiUdThY39sk/bY="
    "resolved" "https://registry.npmjs.org/array-uniq/-/array-uniq-1.0.3.tgz"
    "version" "1.0.3"
  
  "array-unique@^0.3.2":
    "integrity" "sha1-qJS3XUvE9s1nnvMkSp/Y9Gri1Cg="
    "resolved" "https://registry.npmjs.org/array-unique/-/array-unique-0.3.2.tgz"
    "version" "0.3.2"
  
  "arrify@^1.0.1":
    "integrity" "sha1-iYUI2iIm84DfkEcoRWhJwVAaSw0="
    "resolved" "https://registry.npmjs.org/arrify/-/arrify-1.0.1.tgz"
    "version" "1.0.1"
  
  "assign-symbols@^1.0.0":
    "integrity" "sha1-WWZ/QfrdTyDMvCu5a41Pf3jsA2c="
    "resolved" "https://registry.npmjs.org/assign-symbols/-/assign-symbols-1.0.0.tgz"
    "version" "1.0.0"
  
  "async-each@^1.0.1":
    "integrity" "sha512-z/WhQ5FPySLdvREByI2vZiTWwCnF0moMJ1hK9YQwDTHKh6I7/uSckMetoRGb5UBZPC1z0jlw+n/XCgjeH7y1AQ=="
    "resolved" "https://registry.npmjs.org/async-each/-/async-each-1.0.3.tgz"
    "version" "1.0.3"
  
  "async@~3.2.0":
    "integrity" "sha512-H0E+qZaDEfx/FY4t7iLRv1W2fFI6+pyCeTw1uN20AQPiwqwM6ojPxHxdLv4z8hi2DtnW9BOckSspLucW7pIE5g=="
    "resolved" "https://registry.npmjs.org/async/-/async-3.2.2.tgz"
    "version" "3.2.2"
  
  "atob@^2.1.2":
    "integrity" "sha512-Wm6ukoaOGJi/73p/cl2GvLjTI5JM1k/O14isD73YML8StrH/7/lRFgmg8nICZgD3bZZvjwCGxtMOD3wWNAu8cg=="
    "resolved" "https://registry.npmjs.org/atob/-/atob-2.1.2.tgz"
    "version" "2.1.2"
  
  "autoprefixer@^9.8.6":
    "integrity" "sha512-XrvP4VVHdRBCdX1S3WXVD8+RyG9qeb1D5Sn1DeLiG2xfSpzellk5k54xbUERJ3M5DggQxes39UGOTP8CFrEGbg=="
    "resolved" "https://registry.npmjs.org/autoprefixer/-/autoprefixer-9.8.6.tgz"
    "version" "9.8.6"
    dependencies:
      "browserslist" "^4.12.0"
      "caniuse-lite" "^1.0.30001109"
      "colorette" "^1.2.1"
      "normalize-range" "^0.1.2"
      "num2fraction" "^1.2.2"
      "postcss" "^7.0.32"
      "postcss-value-parser" "^4.1.0"
  
  "balanced-match@^1.0.0":
    "integrity" "sha1-ibTRmasr7kneFk6gK4nORi1xt2c="
    "resolved" "https://registry.npmjs.org/balanced-match/-/balanced-match-1.0.0.tgz"
    "version" "1.0.0"
  
  "base@^0.11.1":
    "integrity" "sha512-5T6P4xPgpp0YDFvSWwEZ4NoE3aM4QBQXDzmVbraCkFj8zHM+mba8SyqB5DbZWyR7mYHo6Y7BdQo3MoA4m0TeQg=="
    "resolved" "https://registry.npmjs.org/base/-/base-0.11.2.tgz"
    "version" "0.11.2"
    dependencies:
      "cache-base" "^1.0.1"
      "class-utils" "^0.3.5"
      "component-emitter" "^1.2.1"
      "define-property" "^1.0.0"
      "isobject" "^3.0.1"
      "mixin-deep" "^1.2.0"
      "pascalcase" "^0.1.1"
  
  "binary-extensions@^1.0.0":
    "integrity" "sha512-Un7MIEDdUC5gNpcGDV97op1Ywk748MpHcFTHoYs6qnj1Z3j7I53VG3nwZhKzoBZmbdRNnb6WRdFlwl7tSDuZGw=="
    "resolved" "https://registry.npmjs.org/binary-extensions/-/binary-extensions-1.13.1.tgz"
    "version" "1.13.1"
  
  "bindings@^1.5.0":
    "integrity" "sha512-p2q/t/mhvuOj/UeLlV6566GD/guowlr0hHxClI0W9m7MWYkL1F0hLo+0Aexs9HSPCtR1SXQ0TD3MMKrXZajbiQ=="
    "resolved" "https://registry.npmjs.org/bindings/-/bindings-1.5.0.tgz"
    "version" "1.5.0"
    dependencies:
      "file-uri-to-path" "1.0.0"
  
  "brace-expansion@^1.1.7":
    "integrity" "sha512-iCuPHDFgrHX7H2vEI/5xpz07zSHB00TpugqhmYtVmMO6518mCuRMoOYFldEBl0g187ufozdaHgWKcYFb61qGiA=="
    "resolved" "https://registry.npmjs.org/brace-expansion/-/brace-expansion-1.1.11.tgz"
    "version" "1.1.11"
    dependencies:
      "balanced-match" "^1.0.0"
      "concat-map" "0.0.1"
  
  "braces@^2.3.1", "braces@^2.3.2":
    "integrity" "sha512-aNdbnj9P8PjdXU4ybaWLK2IF3jc/EoDYbC7AazW6to3TRsfXxscC9UXOB5iDiEQrkyIbWp2SLQda4+QAa7nc3w=="
    "resolved" "https://registry.npmjs.org/braces/-/braces-2.3.2.tgz"
    "version" "2.3.2"
    dependencies:
      "arr-flatten" "^1.1.0"
      "array-unique" "^0.3.2"
      "extend-shallow" "^2.0.1"
      "fill-range" "^4.0.0"
      "isobject" "^3.0.1"
      "repeat-element" "^1.1.2"
      "snapdragon" "^0.8.1"
      "snapdragon-node" "^2.0.1"
      "split-string" "^3.0.2"
      "to-regex" "^3.0.1"
  
  "braces@^3.0.1":
    "integrity" "sha512-b8um+L1RzM3WDSzvhm6gIz1yfTbBt6YTlcEKAvsmqCZZFw46z626lVj9j1yEPW33H5H+lBQpZMP1k8l+78Ha0A=="
    "resolved" "https://registry.npmjs.org/braces/-/braces-3.0.2.tgz"
    "version" "3.0.2"
    dependencies:
      "fill-range" "^7.0.1"
  
  "browserslist@^4.12.0":
    "integrity" "sha512-Z+vsCZIvCBvqLoYkBFTwEYH3v5MCQbsAjp50ERycpOjnPmolg1Gjy4+KaWWpm8QOJt9GHkhdqAl14NpCX73CWA=="
    "resolved" "https://registry.npmjs.org/browserslist/-/browserslist-4.14.5.tgz"
    "version" "4.14.5"
    dependencies:
      "caniuse-lite" "^1.0.30001135"
      "electron-to-chromium" "^1.3.571"
      "escalade" "^3.1.0"
      "node-releases" "^1.1.61"
  
  "cache-base@^1.0.1":
    "integrity" "sha512-AKcdTnFSWATd5/GCPRxr2ChwIJ85CeyrEyjRHlKxQ56d4XJMGym0uAiKn0xbLOGOl3+yRpOTi484dVCEc5AUzQ=="
    "resolved" "https://registry.npmjs.org/cache-base/-/cache-base-1.0.1.tgz"
    "version" "1.0.1"
    dependencies:
      "collection-visit" "^1.0.0"
      "component-emitter" "^1.2.1"
      "get-value" "^2.0.6"
      "has-value" "^1.0.0"
      "isobject" "^3.0.1"
      "set-value" "^2.0.0"
      "to-object-path" "^0.3.0"
      "union-value" "^1.0.0"
      "unset-value" "^1.0.0"
  
  "call-me-maybe@^1.0.1":
    "integrity" "sha1-JtII6onje1y95gJQoV8DHBak1ms="
    "resolved" "https://registry.npmjs.org/call-me-maybe/-/call-me-maybe-1.0.1.tgz"
    "version" "1.0.1"
  
  "camelcase@^4.1.0":
    "integrity" "sha1-1UVjW+HjPFQmScaRc+Xeas+uNN0="
    "resolved" "https://registry.npmjs.org/camelcase/-/camelcase-4.1.0.tgz"
    "version" "4.1.0"
  
  "caniuse-lite@^1.0.30001109", "caniuse-lite@^1.0.30001135":
    "integrity" "sha512-E66qcd0KMKZHNJQt9hiLZGE3J4zuTqE1OnU53miEVtylFbwOEmeA5OsRu90noZful+XGSQOni1aT2tiqu/9yYw=="
    "resolved" "https://registry.npmjs.org/caniuse-lite/-/caniuse-lite-1.0.30001148.tgz"
    "version" "1.0.30001148"
  
  "chalk@^2.0.1", "chalk@^2.1.0", "chalk@^2.4.1", "chalk@^2.4.2":
    "integrity" "sha512-Mti+f9lpJNcwF4tWV8/OrTTtF1gZi+f8FqlyAdouralcFWFQWF2+NgCHShjkCb+IFBLq9buZwE1xckQU4peSuQ=="
    "resolved" "https://registry.npmjs.org/chalk/-/chalk-2.4.2.tgz"
    "version" "2.4.2"
    dependencies:
      "ansi-styles" "^3.2.1"
      "escape-string-regexp" "^1.0.5"
      "supports-color" "^5.3.0"
  
  "chalk@~4.1.0":
    "integrity" "sha512-oKnbhFyRIXpUuez8iBMmyEa4nbj4IOQyuhc/wy9kY7/WVPcwIO9VA668Pu8RkO7+0G76SLROeyw9CpQ061i4mA=="
    "resolved" "https://registry.npmjs.org/chalk/-/chalk-4.1.2.tgz"
    "version" "4.1.2"
    dependencies:
      "ansi-styles" "^4.1.0"
      "supports-color" "^7.1.0"
  
  "chokidar@^2.0.0":
    "integrity" "sha512-ZmZUazfOzf0Nve7duiCKD23PFSCs4JPoYyccjUFF3aQkQadqBhfzhjkwBH2mNOG9cTBwhamM37EIsIkZw3nRgg=="
    "resolved" "https://registry.npmjs.org/chokidar/-/chokidar-2.1.8.tgz"
    "version" "2.1.8"
    dependencies:
      "anymatch" "^2.0.0"
      "async-each" "^1.0.1"
      "braces" "^2.3.2"
      "glob-parent" "^3.1.0"
      "inherits" "^2.0.3"
      "is-binary-path" "^1.0.0"
      "is-glob" "^4.0.0"
      "normalize-path" "^3.0.0"
      "path-is-absolute" "^1.0.0"
      "readdirp" "^2.2.1"
      "upath" "^1.1.1"
    optionalDependencies:
      "fsevents" "^1.2.7"
  
  "class-utils@^0.3.5":
    "integrity" "sha512-qOhPa/Fj7s6TY8H8esGu5QNpMMQxz79h+urzrNYN6mn+9BnxlDGf5QZ+XeCDsxSjPqsSR56XOZOJmpeurnLMeg=="
    "resolved" "https://registry.npmjs.org/class-utils/-/class-utils-0.3.6.tgz"
    "version" "0.3.6"
    dependencies:
      "arr-union" "^3.1.0"
      "define-property" "^0.2.5"
      "isobject" "^3.0.0"
      "static-extend" "^0.1.1"
  
  "cliui@^4.0.0":
    "integrity" "sha512-4FG+RSG9DL7uEwRUZXZn3SS34DiDPfzP0VOiEwtUWlE+AR2EIg+hSyvrIgUUfhdgR/UkAeW2QHgeP+hWrXs7jQ=="
    "resolved" "https://registry.npmjs.org/cliui/-/cliui-4.1.0.tgz"
    "version" "4.1.0"
    dependencies:
      "string-width" "^2.1.1"
      "strip-ansi" "^4.0.0"
      "wrap-ansi" "^2.0.0"
  
  "code-point-at@^1.0.0":
    "integrity" "sha1-DQcLTQQ6W+ozovGkDi7bPZpMz3c="
    "resolved" "https://registry.npmjs.org/code-point-at/-/code-point-at-1.1.0.tgz"
    "version" "1.1.0"
  
  "coffee-script@^1.12.4":
    "integrity" "sha512-fLeEhqwymYat/MpTPUjSKHVYYl0ec2mOyALEMLmzr5i1isuG+6jfI2j2d5oBO3VIzgUXgBVIcOT9uH1TFxBckw=="
    "resolved" "https://registry.npmjs.org/coffee-script/-/coffee-script-1.12.7.tgz"
    "version" "1.12.7"
  
  "collection-visit@^1.0.0":
    "integrity" "sha1-S8A3PBZLwykbTTaMgpzxqApZ3KA="
    "resolved" "https://registry.npmjs.org/collection-visit/-/collection-visit-1.0.0.tgz"
    "version" "1.0.0"
    dependencies:
      "map-visit" "^1.0.0"
      "object-visit" "^1.0.0"
  
  "color-convert@^1.9.0":
    "integrity" "sha512-QfAUtd+vFdAtFQcC8CCyYt1fYWxSqAiK2cSD6zDB8N3cpsEBAvRxp9zOGg6G/SHHJYAT88/az/IuDGALsNVbGg=="
    "resolved" "https://registry.npmjs.org/color-convert/-/color-convert-1.9.3.tgz"
    "version" "1.9.3"
    dependencies:
      "color-name" "1.1.3"
  
  "color-convert@^2.0.1":
    "integrity" "sha512-RRECPsj7iu/xb5oKYcsFHSppFNnsj/52OVTRKb4zP5onXwVF3zVmmToNcOfGC+CRDpfK/U584fMg38ZHCaElKQ=="
    "resolved" "https://registry.npmjs.org/color-convert/-/color-convert-2.0.1.tgz"
    "version" "2.0.1"
    dependencies:
      "color-name" "~1.1.4"
  
  "color-name@~1.1.4":
    "integrity" "sha512-dOy+3AuW3a2wNbZHIuMZpTcgjGuLU/uBL/ubcZF9OXbDo8ff4O8yVp5Bf0efS8uEoYo5q4Fx7dY9OgQGXgAsQA=="
    "resolved" "https://registry.npmjs.org/color-name/-/color-name-1.1.4.tgz"
    "version" "1.1.4"
  
  "color-name@1.1.3":
    "integrity" "sha1-p9BVi9icQveV3UIyj3QIMcpTvCU="
    "resolved" "https://registry.npmjs.org/color-name/-/color-name-1.1.3.tgz"
    "version" "1.1.3"
  
  "colorette@^1.2.1":
    "integrity" "sha512-puCDz0CzydiSYOrnXpz/PKd69zRrribezjtE9yd4zvytoRc8+RY/KJPvtPFKZS3E3wP6neGyMe0vOTlHO5L3Pw=="
    "resolved" "https://registry.npmjs.org/colorette/-/colorette-1.2.1.tgz"
    "version" "1.2.1"
  
  "colors@~1.1.2":
    "integrity" "sha1-FopHAXVran9RoSzgyXv6KMCE7WM="
    "resolved" "https://registry.npmjs.org/colors/-/colors-1.1.2.tgz"
    "version" "1.1.2"
  
  "component-emitter@^1.2.1":
    "integrity" "sha512-Rd3se6QB+sO1TwqZjscQrurpEPIfO0/yYnSin6Q/rD3mOutHvUrCAhJub3r90uNb+SESBuE0QYoB90YdfatsRg=="
    "resolved" "https://registry.npmjs.org/component-emitter/-/component-emitter-1.3.0.tgz"
    "version" "1.3.0"
  
  "concat-map@0.0.1":
    "integrity" "sha1-2Klr13/Wjfd5OnMDajug1UBdR3s="
    "resolved" "https://registry.npmjs.org/concat-map/-/concat-map-0.0.1.tgz"
    "version" "0.0.1"
  
  "copy-descriptor@^0.1.0":
    "integrity" "sha1-Z29us8OZl8LuGsOpJP1hJHSPV40="
    "resolved" "https://registry.npmjs.org/copy-descriptor/-/copy-descriptor-0.1.1.tgz"
    "version" "0.1.1"
  
  "core-util-is@~1.0.0":
    "integrity" "sha1-tf1UIgqivFq1eqtxQMlAdUUDwac="
    "resolved" "https://registry.npmjs.org/core-util-is/-/core-util-is-1.0.2.tgz"
    "version" "1.0.2"
  
  "cosmiconfig@^2.1.0", "cosmiconfig@^2.1.1":
    "integrity" "sha512-GiNXLwAFPYHy25XmTPpafYvn3CLAkJ8FLsscq78MQd1Kh0OU6Yzhn4eV2MVF4G9WEQZoWEGltatdR+ntGPMl5A=="
    "resolved" "https://registry.npmjs.org/cosmiconfig/-/cosmiconfig-2.2.2.tgz"
    "version" "2.2.2"
    dependencies:
      "is-directory" "^0.3.1"
      "js-yaml" "^3.4.3"
      "minimist" "^1.2.0"
      "object-assign" "^4.1.0"
      "os-homedir" "^1.0.1"
      "parse-json" "^2.2.0"
      "require-from-string" "^1.1.0"
  
  "cross-spawn@^6.0.0":
    "integrity" "sha512-eTVLrBSt7fjbDygz805pMnstIs2VTBNkRm0qxZd+M7A5XDdxVRWO5MxGBXZhjY4cqLYLdtrGqRf8mBPmzwSpWQ=="
    "resolved" "https://registry.npmjs.org/cross-spawn/-/cross-spawn-6.0.5.tgz"
    "version" "6.0.5"
    dependencies:
      "nice-try" "^1.0.4"
      "path-key" "^2.0.1"
      "semver" "^5.5.0"
      "shebang-command" "^1.2.0"
      "which" "^1.2.9"
  
  "dateformat@~3.0.3":
    "integrity" "sha512-jyCETtSl3VMZMWeRo7iY1FL19ges1t55hMo5yaam4Jrsm5EPL89UQkoQRyiI+Yf4k8r2ZpdngkV8hr1lIdjb3Q=="
    "resolved" "https://registry.npmjs.org/dateformat/-/dateformat-3.0.3.tgz"
    "version" "3.0.3"
  
  "debug@^2.2.0", "debug@^2.3.3":
    "integrity" "sha512-bC7ElrdJaJnPbAP+1EotYvqZsb3ecl5wi6Bfi6BJTUcNowp6cvspg0jXznRTKDjm/E7AdgFBVeAPVMNcKGsHMA=="
    "resolved" "https://registry.npmjs.org/debug/-/debug-2.6.9.tgz"
    "version" "2.6.9"
    dependencies:
      "ms" "2.0.0"
  
  "decamelize@^1.1.1":
    "integrity" "sha1-9lNNFRSCabIDUue+4m9QH5oZEpA="
    "resolved" "https://registry.npmjs.org/decamelize/-/decamelize-1.2.0.tgz"
    "version" "1.2.0"
  
  "decode-uri-component@^0.2.0":
    "integrity" "sha1-6zkTMzRYd1y4TNGh+uBiEGu4dUU="
    "resolved" "https://registry.npmjs.org/decode-uri-component/-/decode-uri-component-0.2.0.tgz"
    "version" "0.2.0"
  
  "define-property@^0.2.5":
    "integrity" "sha1-w1se+RjsPJkPmlvFe+BKrOxcgRY="
    "resolved" "https://registry.npmjs.org/define-property/-/define-property-0.2.5.tgz"
    "version" "0.2.5"
    dependencies:
      "is-descriptor" "^0.1.0"
  
  "define-property@^1.0.0":
    "integrity" "sha1-dp66rz9KY6rTr56NMEybvnm/sOY="
    "resolved" "https://registry.npmjs.org/define-property/-/define-property-1.0.0.tgz"
    "version" "1.0.0"
    dependencies:
      "is-descriptor" "^1.0.0"
  
  "define-property@^2.0.2":
    "integrity" "sha512-jwK2UV4cnPpbcG7+VRARKTZPUWowwXA8bzH5NP6ud0oeAxyYPuGZUAC7hMugpCdz4BeSZl2Dl9k66CHJ/46ZYQ=="
    "resolved" "https://registry.npmjs.org/define-property/-/define-property-2.0.2.tgz"
    "version" "2.0.2"
    dependencies:
      "is-descriptor" "^1.0.2"
      "isobject" "^3.0.1"
  
  "dependency-graph@^0.7.0":
    "integrity" "sha512-KqtH4/EZdtdfWX0p6MGP9jljvxSY6msy/pRUD4jgNwVpv3v1QmNLlsB3LDSSUg79BRVSn7jI1QPRtArGABovAQ=="
    "resolved" "https://registry.npmjs.org/dependency-graph/-/dependency-graph-0.7.2.tgz"
    "version" "0.7.2"
  
  "detect-file@^1.0.0":
    "integrity" "sha1-8NZtA2cqglyxtzvbP+YjEMjlUrc="
    "resolved" "https://registry.npmjs.org/detect-file/-/detect-file-1.0.0.tgz"
    "version" "1.0.0"
  
  "dir-glob@2.0.0":
    "integrity" "sha512-37qirFDz8cA5fimp9feo43fSuRo2gHwaIn6dXL8Ber1dGwUosDrGZeCCXq57WnIqE4aQ+u3eQZzsk1yOzhdwag=="
    "resolved" "https://registry.npmjs.org/dir-glob/-/dir-glob-2.0.0.tgz"
    "version" "2.0.0"
    dependencies:
      "arrify" "^1.0.1"
      "path-type" "^3.0.0"
  
  "electron-to-chromium@^1.3.571":
    "integrity" "sha512-9HaGm4UDxCtcmIqWWdv79pGgpRZWTqr+zg6kxp0MelSHfe1PNjrI8HXy1HgTSy4p0iQETGt8/ElqKFLW008BSA=="
    "resolved" "https://registry.npmjs.org/electron-to-chromium/-/electron-to-chromium-1.3.579.tgz"
    "version" "1.3.579"
  
  "end-of-stream@^1.1.0":
    "integrity" "sha512-+uw1inIHVPQoaVuHzRyXd21icM+cnt4CzD5rW+NC1wjOUSTOs+Te7FOv7AhN7vS9x/oIyhLP5PR1H+phQAHu5Q=="
    "resolved" "https://registry.npmjs.org/end-of-stream/-/end-of-stream-1.4.4.tgz"
    "version" "1.4.4"
    dependencies:
      "once" "^1.4.0"
  
  "error-ex@^1.2.0":
    "integrity" "sha512-7dFHNmqeFSEt2ZBsCriorKnn3Z2pj+fd9kmI6QoWw4//DL+icEBfc0U7qJCisqrTsKTjw4fNFy2pW9OqStD84g=="
    "resolved" "https://registry.npmjs.org/error-ex/-/error-ex-1.3.2.tgz"
    "version" "1.3.2"
    dependencies:
      "is-arrayish" "^0.2.1"
  
  "escalade@^3.1.0":
    "integrity" "sha512-k0er2gUkLf8O0zKJiAhmkTnJlTvINGv7ygDNPbeIsX/TJjGJZHuh9B2UxbsaEkmlEo9MfhrSzmhIlhRlI2GXnw=="
    "resolved" "https://registry.npmjs.org/escalade/-/escalade-3.1.1.tgz"
    "version" "3.1.1"
  
  "escape-string-regexp@^1.0.5":
    "integrity" "sha1-G2HAViGQqN/2rjuyzwIAyhMLhtQ="
    "resolved" "https://registry.npmjs.org/escape-string-regexp/-/escape-string-regexp-1.0.5.tgz"
    "version" "1.0.5"
  
  "esprima@^4.0.0":
    "integrity" "sha512-eGuFFw7Upda+g4p+QHvnW0RyTX/SVeJBDM/gCtMARO0cLuT2HcEKnTPvhjV6aGeqrCB/sbNop0Kszm0jsaWU4A=="
    "resolved" "https://registry.npmjs.org/esprima/-/esprima-4.0.1.tgz"
    "version" "4.0.1"
  
  "eventemitter2@~0.4.13":
    "integrity" "sha1-j2G3XN4BKy6esoTUVFWDtWQ7Yas="
    "resolved" "https://registry.npmjs.org/eventemitter2/-/eventemitter2-0.4.14.tgz"
    "version" "0.4.14"
  
  "execa@^1.0.0":
    "integrity" "sha512-adbxcyWV46qiHyvSp50TKt05tB4tK3HcmF7/nxfAdhnox83seTDbwnaqKO4sXRy7roHAIFqJP/Rw/AuEbX61LA=="
    "resolved" "https://registry.npmjs.org/execa/-/execa-1.0.0.tgz"
    "version" "1.0.0"
    dependencies:
      "cross-spawn" "^6.0.0"
      "get-stream" "^4.0.0"
      "is-stream" "^1.1.0"
      "npm-run-path" "^2.0.0"
      "p-finally" "^1.0.0"
      "signal-exit" "^3.0.0"
      "strip-eof" "^1.0.0"
  
  "exit@~0.1.2":
    "integrity" "sha1-BjJjj42HfMghB9MKD/8aF8uhzQw="
    "resolved" "https://registry.npmjs.org/exit/-/exit-0.1.2.tgz"
    "version" "0.1.2"
  
  "expand-brackets@^2.1.4":
    "integrity" "sha1-t3c14xXOMPa27/D4OwQVGiJEliI="
    "resolved" "https://registry.npmjs.org/expand-brackets/-/expand-brackets-2.1.4.tgz"
    "version" "2.1.4"
    dependencies:
      "debug" "^2.3.3"
      "define-property" "^0.2.5"
      "extend-shallow" "^2.0.1"
      "posix-character-classes" "^0.1.0"
      "regex-not" "^1.0.0"
      "snapdragon" "^0.8.1"
      "to-regex" "^3.0.1"
  
  "expand-tilde@^2.0.0", "expand-tilde@^2.0.2":
    "integrity" "sha1-l+gBqgUt8CRU3kawK/YhZCzchQI="
    "resolved" "https://registry.npmjs.org/expand-tilde/-/expand-tilde-2.0.2.tgz"
    "version" "2.0.2"
    dependencies:
      "homedir-polyfill" "^1.0.1"
  
  "extend-shallow@^2.0.1":
    "integrity" "sha1-Ua99YUrZqfYQ6huvu5idaxxWiQ8="
    "resolved" "https://registry.npmjs.org/extend-shallow/-/extend-shallow-2.0.1.tgz"
    "version" "2.0.1"
    dependencies:
      "is-extendable" "^0.1.0"
  
  "extend-shallow@^3.0.0":
    "integrity" "sha1-Jqcarwc7OfshJxcnRhMcJwQCjbg="
    "resolved" "https://registry.npmjs.org/extend-shallow/-/extend-shallow-3.0.2.tgz"
    "version" "3.0.2"
    dependencies:
      "assign-symbols" "^1.0.0"
      "is-extendable" "^1.0.1"
  
  "extend-shallow@^3.0.2":
    "integrity" "sha1-Jqcarwc7OfshJxcnRhMcJwQCjbg="
    "resolved" "https://registry.npmjs.org/extend-shallow/-/extend-shallow-3.0.2.tgz"
    "version" "3.0.2"
    dependencies:
      "assign-symbols" "^1.0.0"
      "is-extendable" "^1.0.1"
  
  "extend@^3.0.2":
    "integrity" "sha512-fjquC59cD7CyW6urNXK0FBufkZcoiGG80wTuPujX590cB5Ttln20E2UB4S/WARVqhXffZl2LNgS+gQdPIIim/g=="
    "resolved" "https://registry.npmjs.org/extend/-/extend-3.0.2.tgz"
    "version" "3.0.2"
  
  "extglob@^2.0.4":
    "integrity" "sha512-Nmb6QXkELsuBr24CJSkilo6UHHgbekK5UiZgfE6UHD3Eb27YC6oD+bhcT+tJ6cl8dmsgdQxnWlcry8ksBIBLpw=="
    "resolved" "https://registry.npmjs.org/extglob/-/extglob-2.0.4.tgz"
    "version" "2.0.4"
    dependencies:
      "array-unique" "^0.3.2"
      "define-property" "^1.0.0"
      "expand-brackets" "^2.1.4"
      "extend-shallow" "^2.0.1"
      "fragment-cache" "^0.2.1"
      "regex-not" "^1.0.0"
      "snapdragon" "^0.8.1"
      "to-regex" "^3.0.1"
  
  "fast-glob@^2.0.2":
    "integrity" "sha512-g1KuQwHOZAmOZMuBtHdxDtju+T2RT8jgCC9aANsbpdiDDTSnjgfuVsIBNKbUeJI3oKMRExcfNDtJl4OhbffMsw=="
    "resolved" "https://registry.npmjs.org/fast-glob/-/fast-glob-2.2.7.tgz"
    "version" "2.2.7"
    dependencies:
      "@mrmlnc/readdir-enhanced" "^2.2.1"
      "@nodelib/fs.stat" "^1.1.2"
      "glob-parent" "^3.1.0"
      "is-glob" "^4.0.0"
      "merge2" "^1.2.3"
      "micromatch" "^3.1.10"
  
  "file-uri-to-path@1.0.0":
    "integrity" "sha512-0Zt+s3L7Vf1biwWZ29aARiVYLx7iMGnEUl9x33fbB/j3jR81u/O2LbqK+Bm1CDSNDKVtJ/YjwY7TUd5SkeLQLw=="
    "resolved" "https://registry.npmjs.org/file-uri-to-path/-/file-uri-to-path-1.0.0.tgz"
    "version" "1.0.0"
  
  "fill-range@^4.0.0":
    "integrity" "sha1-1USBHUKPmOsGpj3EAtJAPDKMOPc="
    "resolved" "https://registry.npmjs.org/fill-range/-/fill-range-4.0.0.tgz"
    "version" "4.0.0"
    dependencies:
      "extend-shallow" "^2.0.1"
      "is-number" "^3.0.0"
      "repeat-string" "^1.6.1"
      "to-regex-range" "^2.1.0"
  
  "fill-range@^7.0.1":
    "integrity" "sha512-qOo9F+dMUmC2Lcb4BbVvnKJxTPjCm+RRpe4gDuGrzkL7mEVl/djYSu2OdQ2Pa302N4oqkSg9ir6jaLWJ2USVpQ=="
    "resolved" "https://registry.npmjs.org/fill-range/-/fill-range-7.0.1.tgz"
    "version" "7.0.1"
    dependencies:
      "to-regex-range" "^5.0.1"
  
  "find-up@^2.1.0":
    "integrity" "sha1-RdG35QbHF93UgndaK3eSCjwMV6c="
    "resolved" "https://registry.npmjs.org/find-up/-/find-up-2.1.0.tgz"
    "version" "2.1.0"
    dependencies:
      "locate-path" "^2.0.0"
  
  "findup-sync@^4.0.0":
    "integrity" "sha512-6jvvn/12IC4quLBL1KNokxC7wWTvYncaVUYSoxWw7YykPLuRrnv4qdHcSOywOI5RpkOVGeQRtWM8/q+G6W6qfQ=="
    "resolved" "https://registry.npmjs.org/findup-sync/-/findup-sync-4.0.0.tgz"
    "version" "4.0.0"
    dependencies:
      "detect-file" "^1.0.0"
      "is-glob" "^4.0.0"
      "micromatch" "^4.0.2"
      "resolve-dir" "^1.0.1"
  
  "findup-sync@~0.3.0":
    "integrity" "sha1-N5MKpdgWt3fANEXhlmzGeQpMCxY="
    "resolved" "https://registry.npmjs.org/findup-sync/-/findup-sync-0.3.0.tgz"
    "version" "0.3.0"
    dependencies:
      "glob" "~5.0.0"
  
  "fined@^1.2.0":
    "integrity" "sha512-ZYDqPLGxDkDhDZBjZBb+oD1+j0rA4E0pXY50eplAAOPg2N/gUBSSk5IM1/QhPfyVo19lJ+CvXpqfvk+b2p/8Ng=="
    "resolved" "https://registry.npmjs.org/fined/-/fined-1.2.0.tgz"
    "version" "1.2.0"
    dependencies:
      "expand-tilde" "^2.0.2"
      "is-plain-object" "^2.0.3"
      "object.defaults" "^1.1.0"
      "object.pick" "^1.2.0"
      "parse-filepath" "^1.0.1"
  
  "flagged-respawn@^1.0.1":
    "integrity" "sha512-lNaHNVymajmk0OJMBn8fVUAU1BtDeKIqKoVhk4xAALB57aALg6b4W0MfJ/cUE0g9YBXy5XhSlPIpYIJ7HaY/3Q=="
    "resolved" "https://registry.npmjs.org/flagged-respawn/-/flagged-respawn-1.0.1.tgz"
    "version" "1.0.1"
  
  "for-in@^1.0.1", "for-in@^1.0.2":
    "integrity" "sha1-gQaNKVqBQuwKxybG4iAMMPttXoA="
    "resolved" "https://registry.npmjs.org/for-in/-/for-in-1.0.2.tgz"
    "version" "1.0.2"
  
  "for-own@^1.0.0":
    "integrity" "sha1-xjMy9BXO3EsE2/5wz4NklMU8tEs="
    "resolved" "https://registry.npmjs.org/for-own/-/for-own-1.0.0.tgz"
    "version" "1.0.0"
    dependencies:
      "for-in" "^1.0.1"
  
  "fragment-cache@^0.2.1":
    "integrity" "sha1-QpD60n8T6Jvn8zeZxrxaCr//DRk="
    "resolved" "https://registry.npmjs.org/fragment-cache/-/fragment-cache-0.2.1.tgz"
    "version" "0.2.1"
    dependencies:
      "map-cache" "^0.2.2"
  
  "fs-extra@^5.0.0":
    "integrity" "sha512-66Pm4RYbjzdyeuqudYqhFiNBbCIuI9kgRqLPSHIlXHidW8NIQtVdkM1yeZ4lXwuhbTETv3EUGMNHAAw6hiundQ=="
    "resolved" "https://registry.npmjs.org/fs-extra/-/fs-extra-5.0.0.tgz"
    "version" "5.0.0"
    dependencies:
      "graceful-fs" "^4.1.2"
      "jsonfile" "^4.0.0"
      "universalify" "^0.1.0"
  
  "fs.realpath@^1.0.0":
    "integrity" "sha1-FQStJSMVjKpA20onh8sBQRmU6k8="
    "resolved" "https://registry.npmjs.org/fs.realpath/-/fs.realpath-1.0.0.tgz"
    "version" "1.0.0"
  
  "fsevents@^1.2.7":
    "integrity" "sha512-oWb1Z6mkHIskLzEJ/XWX0srkpkTQ7vaopMQkyaEIoq0fmtFVxOthb8cCxeT+p3ynTdkk/RZwbgG4brR5BeWECw=="
    "resolved" "https://registry.npmjs.org/fsevents/-/fsevents-1.2.13.tgz"
    "version" "1.2.13"
    dependencies:
      "bindings" "^1.5.0"
      "nan" "^2.12.1"
  
  "function-bind@^1.1.1":
    "integrity" "sha512-yIovAzMX49sF8Yl58fSCWJ5svSLuaibPxXQJFLmBObTuCr0Mf1KiPopGM9NiFjiYBCbfaa2Fh6breQ6ANVTI0A=="
    "resolved" "https://registry.npmjs.org/function-bind/-/function-bind-1.1.1.tgz"
    "version" "1.1.1"
  
  "get-caller-file@^1.0.1":
    "integrity" "sha512-3t6rVToeoZfYSGd8YoLFR2DJkiQrIiUrGcjvFX2mDw3bn6k2OtwHN0TNCLbBO+w8qTvimhDkv+LSscbJY1vE6w=="
    "resolved" "https://registry.npmjs.org/get-caller-file/-/get-caller-file-1.0.3.tgz"
    "version" "1.0.3"
  
  "get-stdin@^6.0.0":
    "integrity" "sha512-jp4tHawyV7+fkkSKyvjuLZswblUtz+SQKzSWnBbii16BuZksJlU1wuBYXY75r+duh/llF1ur6oNwi+2ZzjKZ7g=="
    "resolved" "https://registry.npmjs.org/get-stdin/-/get-stdin-6.0.0.tgz"
    "version" "6.0.0"
  
  "get-stream@^4.0.0":
    "integrity" "sha512-GMat4EJ5161kIy2HevLlr4luNjBgvmj413KaQA7jt4V8B4RDsfpHk7WQ9GVqfYyyx8OS/L66Kox+rJRNklLK7w=="
    "resolved" "https://registry.npmjs.org/get-stream/-/get-stream-4.1.0.tgz"
    "version" "4.1.0"
    dependencies:
      "pump" "^3.0.0"
  
  "get-value@^2.0.3", "get-value@^2.0.6":
    "integrity" "sha1-3BXKHGcjh8p2vTesCjlbogQqLCg="
    "resolved" "https://registry.npmjs.org/get-value/-/get-value-2.0.6.tgz"
    "version" "2.0.6"
  
  "getobject@~1.0.0":
    "integrity" "sha512-2zblDBaFcb3rB4rF77XVnuINOE2h2k/OnqXAiy0IrTxUfV1iFp3la33oAQVY9pCpWU268WFYVt2t71hlMuLsOg=="
    "resolved" "https://registry.npmjs.org/getobject/-/getobject-1.0.2.tgz"
    "version" "1.0.2"
  
  "glob-parent@^3.1.0":
    "integrity" "sha1-nmr2KZ2NO9K9QEMIMr0RPfkGxa4="
    "resolved" "https://registry.npmjs.org/glob-parent/-/glob-parent-3.1.0.tgz"
    "version" "3.1.0"
    dependencies:
      "is-glob" "^3.1.0"
      "path-dirname" "^1.0.0"
  
  "glob-to-regexp@^0.3.0":
    "integrity" "sha1-jFoUlNIGbFcMw7/kSWF1rMTVAqs="
    "resolved" "https://registry.npmjs.org/glob-to-regexp/-/glob-to-regexp-0.3.0.tgz"
    "version" "0.3.0"
  
  "glob@^7.0.0", "glob@^7.1.2", "glob@^7.1.3", "glob@~7.1.6":
    "integrity" "sha512-LwaxwyZ72Lk7vZINtNNrywX0ZuLyStrdDtabefZKAY5ZGJhVtgdznluResxNmPitE0SAO+O26sWTHeKSI2wMBA=="
    "resolved" "https://registry.npmjs.org/glob/-/glob-7.1.6.tgz"
    "version" "7.1.6"
    dependencies:
      "fs.realpath" "^1.0.0"
      "inflight" "^1.0.4"
      "inherits" "2"
      "minimatch" "^3.0.4"
      "once" "^1.3.0"
      "path-is-absolute" "^1.0.0"
  
  "glob@~5.0.0":
    "integrity" "sha1-G8k2ueAvSmA/zCIuz3Yz0wuLk7E="
    "resolved" "https://registry.npmjs.org/glob/-/glob-5.0.15.tgz"
    "version" "5.0.15"
    dependencies:
      "inflight" "^1.0.4"
      "inherits" "2"
      "minimatch" "2 || 3"
      "once" "^1.3.0"
      "path-is-absolute" "^1.0.0"
  
  "global-modules@^1.0.0":
    "integrity" "sha512-sKzpEkf11GpOFuw0Zzjzmt4B4UZwjOcG757PPvrfhxcLFbq0wpsgpOqxpxtxFiCG4DtG93M6XRVbF2oGdev7bg=="
    "resolved" "https://registry.npmjs.org/global-modules/-/global-modules-1.0.0.tgz"
    "version" "1.0.0"
    dependencies:
      "global-prefix" "^1.0.1"
      "is-windows" "^1.0.1"
      "resolve-dir" "^1.0.0"
  
  "global-prefix@^1.0.1":
    "integrity" "sha1-2/dDxsFJklk8ZVVoy2btMsASLr4="
    "resolved" "https://registry.npmjs.org/global-prefix/-/global-prefix-1.0.2.tgz"
    "version" "1.0.2"
    dependencies:
      "expand-tilde" "^2.0.2"
      "homedir-polyfill" "^1.0.1"
      "ini" "^1.3.4"
      "is-windows" "^1.0.1"
      "which" "^1.2.14"
  
  "globby@^8.0.0":
    "integrity" "sha512-yTzMmKygLp8RUpG1Ymu2VXPSJQZjNAZPD4ywgYEaG7e4tBJeUQBO8OpXrf1RCNcEs5alsoJYPAMiIHP0cmeC7w=="
    "resolved" "https://registry.npmjs.org/globby/-/globby-8.0.2.tgz"
    "version" "8.0.2"
    dependencies:
      "array-union" "^1.0.1"
      "dir-glob" "2.0.0"
      "fast-glob" "^2.0.2"
      "glob" "^7.1.2"
      "ignore" "^3.3.5"
      "pify" "^3.0.0"
      "slash" "^1.0.0"
  
  "graceful-fs@^4.1.11", "graceful-fs@^4.1.2", "graceful-fs@^4.1.6":
    "integrity" "sha512-WjKPNJF79dtJAVniUlGGWHYGz2jWxT6VhN/4m1NdkbZ2nOsEF+cI1Edgql5zCRhs/VsQYRvrXctxktVXZUkixw=="
    "resolved" "https://registry.npmjs.org/graceful-fs/-/graceful-fs-4.2.4.tgz"
    "version" "4.2.4"
  
  "gray-matter@^2.0.2":
    "integrity" "sha1-MELZrewqHe1qdwep7SOA+KF6Qw4="
    "resolved" "https://registry.npmjs.org/gray-matter/-/gray-matter-2.1.1.tgz"
    "version" "2.1.1"
    dependencies:
      "ansi-red" "^0.1.1"
      "coffee-script" "^1.12.4"
      "extend-shallow" "^2.0.1"
      "js-yaml" "^3.8.1"
      "toml" "^2.3.2"
  
  "grunt-cli@~1.4.2":
    "integrity" "sha512-9Dtx/AhVeB4LYzsViCjUQkd0Kw0McN2gYpdmGYKtE2a5Yt7v1Q+HYZVWhqXc/kGnxlMtqKDxSwotiGeFmkrCoQ=="
    "resolved" "https://registry.npmjs.org/grunt-cli/-/grunt-cli-1.4.3.tgz"
    "version" "1.4.3"
    dependencies:
      "grunt-known-options" "~2.0.0"
      "interpret" "~1.1.0"
      "liftup" "~3.0.1"
      "nopt" "~4.0.1"
      "v8flags" "~3.2.0"
  
  "grunt-known-options@~2.0.0":
    "integrity" "sha512-GD7cTz0I4SAede1/+pAbmJRG44zFLPipVtdL9o3vqx9IEyb7b4/Y3s7r6ofI3CchR5GvYJ+8buCSioDv5dQLiA=="
    "resolved" "https://registry.npmjs.org/grunt-known-options/-/grunt-known-options-2.0.0.tgz"
    "version" "2.0.0"
  
  "grunt-legacy-log-utils@~2.1.0":
    "integrity" "sha512-lwquaPXJtKQk0rUM1IQAop5noEpwFqOXasVoedLeNzaibf/OPWjKYvvdqnEHNmU+0T0CaReAXIbGo747ZD+Aaw=="
    "resolved" "https://registry.npmjs.org/grunt-legacy-log-utils/-/grunt-legacy-log-utils-2.1.0.tgz"
    "version" "2.1.0"
    dependencies:
      "chalk" "~4.1.0"
      "lodash" "~4.17.19"
  
  "grunt-legacy-log@~3.0.0":
    "integrity" "sha512-GHZQzZmhyq0u3hr7aHW4qUH0xDzwp2YXldLPZTCjlOeGscAOWWPftZG3XioW8MasGp+OBRIu39LFx14SLjXRcA=="
    "resolved" "https://registry.npmjs.org/grunt-legacy-log/-/grunt-legacy-log-3.0.0.tgz"
    "version" "3.0.0"
    dependencies:
      "colors" "~1.1.2"
      "grunt-legacy-log-utils" "~2.1.0"
      "hooker" "~0.2.3"
      "lodash" "~4.17.19"
  
  "grunt-legacy-util@~2.0.1":
    "integrity" "sha512-2bQiD4fzXqX8rhNdXkAywCadeqiPiay0oQny77wA2F3WF4grPJXCvAcyoWUJV+po/b15glGkxuSiQCK299UC2w=="
    "resolved" "https://registry.npmjs.org/grunt-legacy-util/-/grunt-legacy-util-2.0.1.tgz"
    "version" "2.0.1"
    dependencies:
      "async" "~3.2.0"
      "exit" "~0.1.2"
      "getobject" "~1.0.0"
      "hooker" "~0.2.3"
      "lodash" "~4.17.21"
      "underscore.string" "~3.3.5"
      "which" "~2.0.2"
  
  "grunt@^1.4.1":
    "integrity" "sha512-ZXIYXTsAVrA7sM+jZxjQdrBOAg7DyMUplOMhTaspMRExei+fD0BTwdWXnn0W5SXqhb/Q/nlkzXclSi3IH55PIA=="
    "resolved" "https://registry.npmjs.org/grunt/-/grunt-1.4.1.tgz"
    "version" "1.4.1"
    dependencies:
      "dateformat" "~3.0.3"
      "eventemitter2" "~0.4.13"
      "exit" "~0.1.2"
      "findup-sync" "~0.3.0"
      "glob" "~7.1.6"
      "grunt-cli" "~1.4.2"
      "grunt-known-options" "~2.0.0"
      "grunt-legacy-log" "~3.0.0"
      "grunt-legacy-util" "~2.0.1"
      "iconv-lite" "~0.4.13"
      "js-yaml" "~3.14.0"
      "minimatch" "~3.0.4"
      "mkdirp" "~1.0.4"
      "nopt" "~3.0.6"
      "rimraf" "~3.0.2"
  
  "has-flag@^3.0.0":
    "integrity" "sha1-tdRU3CGZriJWmfNGfloH87lVuv0="
    "resolved" "https://registry.npmjs.org/has-flag/-/has-flag-3.0.0.tgz"
    "version" "3.0.0"
  
  "has-flag@^4.0.0":
    "integrity" "sha512-EykJT/Q1KjTWctppgIAgfSO0tKVuZUjhgMr17kqTumMl6Afv3EISleU7qZUzoXDFTAHTDC4NOoG/ZxU3EvlMPQ=="
    "resolved" "https://registry.npmjs.org/has-flag/-/has-flag-4.0.0.tgz"
    "version" "4.0.0"
  
  "has-value@^0.3.1":
    "integrity" "sha1-ex9YutpiyoJ+wKIHgCVlSEWZXh8="
    "resolved" "https://registry.npmjs.org/has-value/-/has-value-0.3.1.tgz"
    "version" "0.3.1"
    dependencies:
      "get-value" "^2.0.3"
      "has-values" "^0.1.4"
      "isobject" "^2.0.0"
  
  "has-value@^1.0.0":
    "integrity" "sha1-GLKB2lhbHFxR3vJMkw7SmgvmsXc="
    "resolved" "https://registry.npmjs.org/has-value/-/has-value-1.0.0.tgz"
    "version" "1.0.0"
    dependencies:
      "get-value" "^2.0.6"
      "has-values" "^1.0.0"
      "isobject" "^3.0.0"
  
  "has-values@^0.1.4":
    "integrity" "sha1-bWHeldkd/Km5oCCJrThL/49it3E="
    "resolved" "https://registry.npmjs.org/has-values/-/has-values-0.1.4.tgz"
    "version" "0.1.4"
  
  "has-values@^1.0.0":
    "integrity" "sha1-lbC2P+whRmGab+V/51Yo1aOe/k8="
    "resolved" "https://registry.npmjs.org/has-values/-/has-values-1.0.0.tgz"
    "version" "1.0.0"
    dependencies:
      "is-number" "^3.0.0"
      "kind-of" "^4.0.0"
  
  "has@^1.0.3":
    "integrity" "sha512-f2dvO0VU6Oej7RkWJGrehjbzMAjFp5/VKPp5tTpWIV4JHHZK1/BxbFRtf/siA2SWTe09caDmVtYYzWEIbBS4zw=="
    "resolved" "https://registry.npmjs.org/has/-/has-1.0.3.tgz"
    "version" "1.0.3"
    dependencies:
      "function-bind" "^1.1.1"
  
  "homedir-polyfill@^1.0.1":
    "integrity" "sha512-eSmmWE5bZTK2Nou4g0AI3zZ9rswp7GRKoKXS1BLUkvPviOqs4YTN1djQIqrXy9k5gEtdLPy86JjRwsNM9tnDcA=="
    "resolved" "https://registry.npmjs.org/homedir-polyfill/-/homedir-polyfill-1.0.3.tgz"
    "version" "1.0.3"
    dependencies:
      "parse-passwd" "^1.0.0"
  
  "hooker@~0.2.3":
    "integrity" "sha1-uDT3I8xKJCqmWWNFnfbZhMXT2Vk="
    "resolved" "https://registry.npmjs.org/hooker/-/hooker-0.2.3.tgz"
    "version" "0.2.3"
  
  "hugo-lunr-diaspora@^1.0.0":
    "integrity" "sha512-ITSMiszd2BTgWv6wC6jgHJULSfujOn7Ytk/mQo0UEqJOZmvwgFmOVxqMLjTSPXwHXYRTpwBTKNyaBxv1BaHFoA=="
    "resolved" "https://registry.npmjs.org/hugo-lunr-diaspora/-/hugo-lunr-diaspora-1.0.0.tgz"
    "version" "1.0.0"
    dependencies:
      "glob" "^7.0.0"
      "gray-matter" "^2.0.2"
      "remove-markdown" "^0.1.0"
      "striptags" "^2.1.1"
      "toml" "^2.3.0"
  
  "iconv-lite@~0.4.13":
    "integrity" "sha512-v3MXnZAcvnywkTUEZomIActle7RXXeedOR31wwl7VlyoXO4Qi9arvSenNQWne1TcRwhCL1HwLI21bEqdpj8/rA=="
    "resolved" "https://registry.npmjs.org/iconv-lite/-/iconv-lite-0.4.24.tgz"
    "version" "0.4.24"
    dependencies:
      "safer-buffer" ">= 2.1.2 < 3"
  
  "ignore@^3.3.5":
    "integrity" "sha512-Pgs951kaMm5GXP7MOvxERINe3gsaVjUWFm+UZPSq9xYriQAksyhg0csnS0KXSNRD5NmNdapXEpjxG49+AKh/ug=="
    "resolved" "https://registry.npmjs.org/ignore/-/ignore-3.3.10.tgz"
    "version" "3.3.10"
  
  "inflight@^1.0.4":
    "integrity" "sha1-Sb1jMdfQLQwJvJEKEHW6gWW1bfk="
    "resolved" "https://registry.npmjs.org/inflight/-/inflight-1.0.6.tgz"
    "version" "1.0.6"
    dependencies:
      "once" "^1.3.0"
      "wrappy" "1"
  
  "inherits@^2.0.3", "inherits@~2.0.3", "inherits@2":
    "integrity" "sha512-k/vGaX4/Yla3WzyMCvTQOXYeIHvqOKtnqBduzTHpzpQZzAskKMhZ2K+EnBiSM9zGSoIFeMpXKxa4dYeZIQqewQ=="
    "resolved" "https://registry.npmjs.org/inherits/-/inherits-2.0.4.tgz"
    "version" "2.0.4"
  
  "ini@^1.3.4":
    "integrity" "sha512-JV/yugV2uzW5iMRSiZAyDtQd+nxtUnjeLt0acNdw98kKLrvuRVyB80tsREOE7yvGVgalhZ6RNXCmEHkUKBKxew=="
    "resolved" "https://registry.npmjs.org/ini/-/ini-1.3.8.tgz"
    "version" "1.3.8"
  
  "interpret@~1.1.0":
    "integrity" "sha1-ftGxQQxqDg94z5XTuEQMY/eLhhQ="
    "resolved" "https://registry.npmjs.org/interpret/-/interpret-1.1.0.tgz"
    "version" "1.1.0"
  
  "invert-kv@^2.0.0":
    "integrity" "sha512-wPVv/y/QQ/Uiirj/vh3oP+1Ww+AWehmi1g5fFWGPF6IpCBCDVrhgHRMvrLfdYcwDh3QJbGXDW4JAuzxElLSqKA=="
    "resolved" "https://registry.npmjs.org/invert-kv/-/invert-kv-2.0.0.tgz"
    "version" "2.0.0"
  
  "is-absolute@^1.0.0":
    "integrity" "sha512-dOWoqflvcydARa360Gvv18DZ/gRuHKi2NU/wU5X1ZFzdYfH29nkiNZsF3mp4OJ3H4yo9Mx8A/uAGNzpzPN3yBA=="
    "resolved" "https://registry.npmjs.org/is-absolute/-/is-absolute-1.0.0.tgz"
    "version" "1.0.0"
    dependencies:
      "is-relative" "^1.0.0"
      "is-windows" "^1.0.1"
  
  "is-accessor-descriptor@^0.1.6":
    "integrity" "sha1-qeEss66Nh2cn7u84Q/igiXtcmNY="
    "resolved" "https://registry.npmjs.org/is-accessor-descriptor/-/is-accessor-descriptor-0.1.6.tgz"
    "version" "0.1.6"
    dependencies:
      "kind-of" "^3.0.2"
  
  "is-accessor-descriptor@^1.0.0":
    "integrity" "sha512-m5hnHTkcVsPfqx3AKlyttIPb7J+XykHvJP2B9bZDjlhLIoEq4XoK64Vg7boZlVWYK6LUY94dYPEE7Lh0ZkZKcQ=="
    "resolved" "https://registry.npmjs.org/is-accessor-descriptor/-/is-accessor-descriptor-1.0.0.tgz"
    "version" "1.0.0"
    dependencies:
      "kind-of" "^6.0.0"
  
  "is-arrayish@^0.2.1":
    "integrity" "sha1-d8mYQFJ6qOyxqLppe4BkWnqSap0="
    "resolved" "https://registry.npmjs.org/is-arrayish/-/is-arrayish-0.2.1.tgz"
    "version" "0.2.1"
  
  "is-binary-path@^1.0.0":
    "integrity" "sha1-dfFmQrSA8YenEcgUFh/TpKdlWJg="
    "resolved" "https://registry.npmjs.org/is-binary-path/-/is-binary-path-1.0.1.tgz"
    "version" "1.0.1"
    dependencies:
      "binary-extensions" "^1.0.0"
  
  "is-buffer@^1.1.5":
    "integrity" "sha512-NcdALwpXkTm5Zvvbk7owOUSvVvBKDgKP5/ewfXEznmQFfs4ZRmanOeKBTjRVjka3QFoN6XJ+9F3USqfHqTaU5w=="
    "resolved" "https://registry.npmjs.org/is-buffer/-/is-buffer-1.1.6.tgz"
    "version" "1.1.6"
  
  "is-core-module@^2.2.0":
    "integrity" "sha512-vd15qHsaqrRL7dtH6QNuy0ndJmRDrS9HAM1CAiSifNUFv4x1a0CCVsj18hJ1mShxIG6T2i1sO78MkP56r0nYRw=="
    "resolved" "https://registry.npmjs.org/is-core-module/-/is-core-module-2.8.0.tgz"
    "version" "2.8.0"
    dependencies:
      "has" "^1.0.3"
  
  "is-data-descriptor@^0.1.4":
    "integrity" "sha1-C17mSDiOLIYCgueT8YVv7D8wG1Y="
    "resolved" "https://registry.npmjs.org/is-data-descriptor/-/is-data-descriptor-0.1.4.tgz"
    "version" "0.1.4"
    dependencies:
      "kind-of" "^3.0.2"
  
  "is-data-descriptor@^1.0.0":
    "integrity" "sha512-jbRXy1FmtAoCjQkVmIVYwuuqDFUbaOeDjmed1tOGPrsMhtJA4rD9tkgA0F1qJ3gRFRXcHYVkdeaP50Q5rE/jLQ=="
    "resolved" "https://registry.npmjs.org/is-data-descriptor/-/is-data-descriptor-1.0.0.tgz"
    "version" "1.0.0"
    dependencies:
      "kind-of" "^6.0.0"
  
  "is-descriptor@^0.1.0":
    "integrity" "sha512-avDYr0SB3DwO9zsMov0gKCESFYqCnE4hq/4z3TdUlukEy5t9C0YRq7HLrsN52NAcqXKaepeCD0n+B0arnVG3Hg=="
    "resolved" "https://registry.npmjs.org/is-descriptor/-/is-descriptor-0.1.6.tgz"
    "version" "0.1.6"
    dependencies:
      "is-accessor-descriptor" "^0.1.6"
      "is-data-descriptor" "^0.1.4"
      "kind-of" "^5.0.0"
  
  "is-descriptor@^1.0.0", "is-descriptor@^1.0.2":
    "integrity" "sha512-2eis5WqQGV7peooDyLmNEPUrps9+SXX5c9pL3xEB+4e9HnGuDa7mB7kHxHw4CbqS9k1T2hOH3miL8n8WtiYVtg=="
    "resolved" "https://registry.npmjs.org/is-descriptor/-/is-descriptor-1.0.2.tgz"
    "version" "1.0.2"
    dependencies:
      "is-accessor-descriptor" "^1.0.0"
      "is-data-descriptor" "^1.0.0"
      "kind-of" "^6.0.2"
  
  "is-directory@^0.3.1":
    "integrity" "sha1-YTObbyR1/Hcv2cnYP1yFddwVSuE="
    "resolved" "https://registry.npmjs.org/is-directory/-/is-directory-0.3.1.tgz"
    "version" "0.3.1"
  
  "is-extendable@^0.1.0", "is-extendable@^0.1.1":
    "integrity" "sha1-YrEQ4omkcUGOPsNqYX1HLjAd/Ik="
    "resolved" "https://registry.npmjs.org/is-extendable/-/is-extendable-0.1.1.tgz"
    "version" "0.1.1"
  
  "is-extendable@^1.0.1":
    "integrity" "sha512-arnXMxT1hhoKo9k1LZdmlNyJdDDfy2v0fXjFlmok4+i8ul/6WlbVge9bhM74OpNPQPMGUToDtz+KXa1PneJxOA=="
    "resolved" "https://registry.npmjs.org/is-extendable/-/is-extendable-1.0.1.tgz"
    "version" "1.0.1"
    dependencies:
      "is-plain-object" "^2.0.4"
  
  "is-extglob@^2.1.0", "is-extglob@^2.1.1":
    "integrity" "sha1-qIwCU1eR8C7TfHahueqXc8gz+MI="
    "resolved" "https://registry.npmjs.org/is-extglob/-/is-extglob-2.1.1.tgz"
    "version" "2.1.1"
  
  "is-fullwidth-code-point@^1.0.0":
    "integrity" "sha1-754xOG8DGn8NZDr4L95QxFfvAMs="
    "resolved" "https://registry.npmjs.org/is-fullwidth-code-point/-/is-fullwidth-code-point-1.0.0.tgz"
    "version" "1.0.0"
    dependencies:
      "number-is-nan" "^1.0.0"
  
  "is-fullwidth-code-point@^2.0.0":
    "integrity" "sha1-o7MKXE8ZkYMWeqq5O+764937ZU8="
    "resolved" "https://registry.npmjs.org/is-fullwidth-code-point/-/is-fullwidth-code-point-2.0.0.tgz"
    "version" "2.0.0"
  
  "is-glob@^3.1.0":
    "integrity" "sha1-e6WuJCF4BKxwcHuWkiVnSGzD6Eo="
    "resolved" "https://registry.npmjs.org/is-glob/-/is-glob-3.1.0.tgz"
    "version" "3.1.0"
    dependencies:
      "is-extglob" "^2.1.0"
  
  "is-glob@^4.0.0":
    "integrity" "sha512-5G0tKtBTFImOqDnLB2hG6Bp2qcKEFduo4tZu9MT/H6NQv/ghhy30o55ufafxJ/LdH79LLs2Kfrn85TLKyA7BUg=="
    "resolved" "https://registry.npmjs.org/is-glob/-/is-glob-4.0.1.tgz"
    "version" "4.0.1"
    dependencies:
      "is-extglob" "^2.1.1"
  
  "is-number@^3.0.0":
    "integrity" "sha1-JP1iAaR4LPUFYcgQJ2r8fRLXEZU="
    "resolved" "https://registry.npmjs.org/is-number/-/is-number-3.0.0.tgz"
    "version" "3.0.0"
    dependencies:
      "kind-of" "^3.0.2"
  
  "is-number@^7.0.0":
    "integrity" "sha512-41Cifkg6e8TylSpdtTpeLVMqvSBEVzTttHvERD741+pnZ8ANv0004MRL43QKPDlK9cGvNp6NZWZUBlbGXYxxng=="
    "resolved" "https://registry.npmjs.org/is-number/-/is-number-7.0.0.tgz"
    "version" "7.0.0"
  
  "is-plain-object@^2.0.3", "is-plain-object@^2.0.4":
    "integrity" "sha512-h5PpgXkWitc38BBMYawTYMWJHFZJVnBquFE57xFpjB8pJFiF6gZ+bU+WyI/yqXiFR5mdLsgYNaPe8uao6Uv9Og=="
    "resolved" "https://registry.npmjs.org/is-plain-object/-/is-plain-object-2.0.4.tgz"
    "version" "2.0.4"
    dependencies:
      "isobject" "^3.0.1"
  
  "is-relative@^1.0.0":
    "integrity" "sha512-Kw/ReK0iqwKeu0MITLFuj0jbPAmEiOsIwyIXvvbfa6QfmN9pkD1M+8pdk7Rl/dTKbH34/XBFMbgD4iMJhLQbGA=="
    "resolved" "https://registry.npmjs.org/is-relative/-/is-relative-1.0.0.tgz"
    "version" "1.0.0"
    dependencies:
      "is-unc-path" "^1.0.0"
  
  "is-stream@^1.0.1", "is-stream@^1.1.0":
    "integrity" "sha1-EtSj3U5o4Lec6428hBc66A2RykQ="
    "resolved" "https://registry.npmjs.org/is-stream/-/is-stream-1.1.0.tgz"
    "version" "1.1.0"
  
  "is-unc-path@^1.0.0":
    "integrity" "sha512-mrGpVd0fs7WWLfVsStvgF6iEJnbjDFZh9/emhRDcGWTduTfNHd9CHeUwH3gYIjdbwo4On6hunkztwOaAw0yllQ=="
    "resolved" "https://registry.npmjs.org/is-unc-path/-/is-unc-path-1.0.0.tgz"
    "version" "1.0.0"
    dependencies:
      "unc-path-regex" "^0.1.2"
  
  "is-windows@^1.0.1", "is-windows@^1.0.2":
    "integrity" "sha512-eXK1UInq2bPmjyX6e3VHIzMLobc4J94i4AWn+Hpq3OU5KkrRC96OAcR3PRJ/pGu6m8TRnBHP9dkXQVsT/COVIA=="
    "resolved" "https://registry.npmjs.org/is-windows/-/is-windows-1.0.2.tgz"
    "version" "1.0.2"
  
  "isarray@~1.0.0", "isarray@1.0.0":
    "integrity" "sha1-u5NdSFgsuhaMBoNJV6VKPgcSTxE="
    "resolved" "https://registry.npmjs.org/isarray/-/isarray-1.0.0.tgz"
    "version" "1.0.0"
  
  "isexe@^2.0.0":
    "integrity" "sha1-6PvzdNxVb/iUehDcsFctYz8s+hA="
    "resolved" "https://registry.npmjs.org/isexe/-/isexe-2.0.0.tgz"
    "version" "2.0.0"
  
  "isobject@^2.0.0":
    "integrity" "sha1-8GVWEJaj8dou9GJy+BXIQNh+DIk="
    "resolved" "https://registry.npmjs.org/isobject/-/isobject-2.1.0.tgz"
    "version" "2.1.0"
    dependencies:
      "isarray" "1.0.0"
  
  "isobject@^3.0.0", "isobject@^3.0.1":
    "integrity" "sha1-TkMekrEalzFjaqH5yNHMvP2reN8="
    "resolved" "https://registry.npmjs.org/isobject/-/isobject-3.0.1.tgz"
    "version" "3.0.1"
  
  "js-yaml@^3.4.3", "js-yaml@^3.8.1", "js-yaml@~3.14.0":
    "integrity" "sha512-/4IbIeHcD9VMHFqDR/gQ7EdZdLimOvW2DdcxFjdyyZ9NsbS+ccrXqVWDtab/lRl5AlUqmpBx8EhPaWR+OtY17A=="
    "resolved" "https://registry.npmjs.org/js-yaml/-/js-yaml-3.14.0.tgz"
    "version" "3.14.0"
    dependencies:
      "argparse" "^1.0.7"
      "esprima" "^4.0.0"
  
  "jsonfile@^4.0.0":
    "integrity" "sha1-h3Gq4HmbZAdrdmQPygWPnBDjPss="
    "resolved" "https://registry.npmjs.org/jsonfile/-/jsonfile-4.0.0.tgz"
    "version" "4.0.0"
    optionalDependencies:
      "graceful-fs" "^4.1.6"
  
  "kind-of@^3.0.2", "kind-of@^3.0.3", "kind-of@^3.2.0":
    "integrity" "sha1-MeohpzS6ubuw8yRm2JOupR5KPGQ="
    "resolved" "https://registry.npmjs.org/kind-of/-/kind-of-3.2.2.tgz"
    "version" "3.2.2"
    dependencies:
      "is-buffer" "^1.1.5"
  
  "kind-of@^4.0.0":
    "integrity" "sha1-IIE989cSkosgc3hpGkUGb65y3Vc="
    "resolved" "https://registry.npmjs.org/kind-of/-/kind-of-4.0.0.tgz"
    "version" "4.0.0"
    dependencies:
      "is-buffer" "^1.1.5"
  
  "kind-of@^5.0.0":
    "integrity" "sha512-NGEErnH6F2vUuXDh+OlbcKW7/wOcfdRHaZ7VWtqCztfHri/++YKmP51OdWeGPuqCOba6kk2OTe5d02VmTB80Pw=="
    "resolved" "https://registry.npmjs.org/kind-of/-/kind-of-5.1.0.tgz"
    "version" "5.1.0"
  
  "kind-of@^6.0.0":
    "integrity" "sha512-dcS1ul+9tmeD95T+x28/ehLgd9mENa3LsvDTtzm3vyBEO7RPptvAD+t44WVXaUjTBRcrpFeFlC8WCruUR456hw=="
    "resolved" "https://registry.npmjs.org/kind-of/-/kind-of-6.0.3.tgz"
    "version" "6.0.3"
  
  "kind-of@^6.0.2":
    "integrity" "sha512-dcS1ul+9tmeD95T+x28/ehLgd9mENa3LsvDTtzm3vyBEO7RPptvAD+t44WVXaUjTBRcrpFeFlC8WCruUR456hw=="
    "resolved" "https://registry.npmjs.org/kind-of/-/kind-of-6.0.3.tgz"
    "version" "6.0.3"
  
  "lcid@^2.0.0":
    "integrity" "sha512-avPEb8P8EGnwXKClwsNUgryVjllcRqtMYa49NTsbQagYuT1DcXnl1915oxWjoyGrXR6zH/Y0Zc96xWsPcoDKeA=="
    "resolved" "https://registry.npmjs.org/lcid/-/lcid-2.0.0.tgz"
    "version" "2.0.0"
    dependencies:
      "invert-kv" "^2.0.0"
  
  "liftup@~3.0.1":
    "integrity" "sha512-yRHaiQDizWSzoXk3APcA71eOI/UuhEkNN9DiW2Tt44mhYzX4joFoCZlxsSOF7RyeLlfqzFLQI1ngFq3ggMPhOw=="
    "resolved" "https://registry.npmjs.org/liftup/-/liftup-3.0.1.tgz"
    "version" "3.0.1"
    dependencies:
      "extend" "^3.0.2"
      "findup-sync" "^4.0.0"
      "fined" "^1.2.0"
      "flagged-respawn" "^1.0.1"
      "is-plain-object" "^2.0.4"
      "object.map" "^1.0.1"
      "rechoir" "^0.7.0"
      "resolve" "^1.19.0"
  
  "locate-path@^2.0.0":
    "integrity" "sha1-K1aLJl7slExtnA3pw9u7ygNUzY4="
    "resolved" "https://registry.npmjs.org/locate-path/-/locate-path-2.0.0.tgz"
    "version" "2.0.0"
    dependencies:
      "p-locate" "^2.0.0"
      "path-exists" "^3.0.0"
  
  "lodash@^4.17.4", "lodash@~4.17.19", "lodash@~4.17.21":
    "integrity" "sha512-v2kDEe57lecTulaDIuNTPy3Ry4gLGJ6Z1O3vE1krgXZNrsQ+LFTGHVxVjcXPs17LhbZVGedAJv8XZ1tvj5FvSg=="
    "resolved" "https://registry.npmjs.org/lodash/-/lodash-4.17.21.tgz"
    "version" "4.17.21"
  
  "log-symbols@^2.0.0":
    "integrity" "sha512-VeIAFslyIerEJLXHziedo2basKbMKtTw3vfn5IzG0XTjhAVEJyNHnL2p7vc+wBDSdQuUpNw3M2u6xb9QsAY5Eg=="
    "resolved" "https://registry.npmjs.org/log-symbols/-/log-symbols-2.2.0.tgz"
    "version" "2.2.0"
    dependencies:
      "chalk" "^2.0.1"
  
  "make-iterator@^1.0.0":
    "integrity" "sha512-pxiuXh0iVEq7VM7KMIhs5gxsfxCux2URptUQaXo4iZZJxBAzTPOLE2BumO5dbfVYq/hBJFBR/a1mFDmOx5AGmw=="
    "resolved" "https://registry.npmjs.org/make-iterator/-/make-iterator-1.0.1.tgz"
    "version" "1.0.1"
    dependencies:
      "kind-of" "^6.0.2"
  
  "map-age-cleaner@^0.1.1":
    "integrity" "sha512-bJzx6nMoP6PDLPBFmg7+xRKeFZvFboMrGlxmNj9ClvX53KrmvM5bXFXEWjbz4cz1AFn+jWJ9z/DJSz7hrs0w3w=="
    "resolved" "https://registry.npmjs.org/map-age-cleaner/-/map-age-cleaner-0.1.3.tgz"
    "version" "0.1.3"
    dependencies:
      "p-defer" "^1.0.0"
  
  "map-cache@^0.2.0", "map-cache@^0.2.2":
    "integrity" "sha1-wyq9C9ZSXZsFFkW7TyasXcmKDb8="
    "resolved" "https://registry.npmjs.org/map-cache/-/map-cache-0.2.2.tgz"
    "version" "0.2.2"
  
  "map-visit@^1.0.0":
    "integrity" "sha1-7Nyo8TFE5mDxtb1B8S80edmN+48="
    "resolved" "https://registry.npmjs.org/map-visit/-/map-visit-1.0.0.tgz"
    "version" "1.0.0"
    dependencies:
      "object-visit" "^1.0.0"
  
  "mem@^4.0.0":
    "integrity" "sha512-qX2bG48pTqYRVmDB37rn/6PT7LcR8T7oAX3bf99u1Tt1nzxYfxkgqDwUwolPlXweM0XzBOBFzSx4kfp7KP1s/w=="
    "resolved" "https://registry.npmjs.org/mem/-/mem-4.3.0.tgz"
    "version" "4.3.0"
    dependencies:
      "map-age-cleaner" "^0.1.1"
      "mimic-fn" "^2.0.0"
      "p-is-promise" "^2.0.0"
  
  "merge2@^1.2.3":
    "integrity" "sha512-8q7VEgMJW4J8tcfVPy8g09NcQwZdbwFEqhe/WZkoIzjn/3TGDwtOCYtXGxA3O8tPzpczCCDgv+P2P5y00ZJOOg=="
    "resolved" "https://registry.npmjs.org/merge2/-/merge2-1.4.1.tgz"
    "version" "1.4.1"
  
  "micromatch@^3.1.10", "micromatch@^3.1.4":
    "integrity" "sha512-MWikgl9n9M3w+bpsY3He8L+w9eF9338xRl8IAO5viDizwSzziFEyUzo2xrrloB64ADbTf8uA8vRqqttDTOmccg=="
    "resolved" "https://registry.npmjs.org/micromatch/-/micromatch-3.1.10.tgz"
    "version" "3.1.10"
    dependencies:
      "arr-diff" "^4.0.0"
      "array-unique" "^0.3.2"
      "braces" "^2.3.1"
      "define-property" "^2.0.2"
      "extend-shallow" "^3.0.2"
      "extglob" "^2.0.4"
      "fragment-cache" "^0.2.1"
      "kind-of" "^6.0.2"
      "nanomatch" "^1.2.9"
      "object.pick" "^1.3.0"
      "regex-not" "^1.0.0"
      "snapdragon" "^0.8.1"
      "to-regex" "^3.0.2"
  
  "micromatch@^4.0.2":
    "integrity" "sha512-pRmzw/XUcwXGpD9aI9q/0XOwLNygjETJ8y0ao0wdqprrzDa4YnxLcz7fQRZr8voh8V10kGhABbNcHVk5wHgWwg=="
    "resolved" "https://registry.npmjs.org/micromatch/-/micromatch-4.0.4.tgz"
    "version" "4.0.4"
    dependencies:
      "braces" "^3.0.1"
      "picomatch" "^2.2.3"
  
  "mimic-fn@^2.0.0":
    "integrity" "sha512-OqbOk5oEQeAZ8WXWydlu9HJjz9WVdEIvamMCcXmuqUYjTknH/sqsWvhQ3vgwKFRR1HpjvNBKQ37nbJgYzGqGcg=="
    "resolved" "https://registry.npmjs.org/mimic-fn/-/mimic-fn-2.1.0.tgz"
    "version" "2.1.0"
  
  "minimatch@^3.0.4", "minimatch@~3.0.4", "minimatch@2 || 3":
    "integrity" "sha512-yJHVQEhyqPLUTgt9B83PXu6W3rx4MvvHvSUvToogpwoGDOUQ+yDrR0HRot+yOCdCO7u4hX3pWft6kWBBcqh0UA=="
    "resolved" "https://registry.npmjs.org/minimatch/-/minimatch-3.0.4.tgz"
    "version" "3.0.4"
    dependencies:
      "brace-expansion" "^1.1.7"
  
  "minimist@^1.2.0":
    "integrity" "sha512-FM9nNUYrRBAELZQT3xeZQ7fmMOBg6nWNmJKTcgsJeaLstP/UODVpGsr5OhXhhXg6f+qtJ8uiZ+PUxkDWcgIXLw=="
    "resolved" "https://registry.npmjs.org/minimist/-/minimist-1.2.5.tgz"
    "version" "1.2.5"
  
  "mixin-deep@^1.2.0":
    "integrity" "sha512-WRoDn//mXBiJ1H40rqa3vH0toePwSsGb45iInWlTySa+Uu4k3tYUSxa2v1KqAiLtvlrSzaExqS1gtk96A9zvEA=="
    "resolved" "https://registry.npmjs.org/mixin-deep/-/mixin-deep-1.3.2.tgz"
    "version" "1.3.2"
    dependencies:
      "for-in" "^1.0.2"
      "is-extendable" "^1.0.1"
  
  "mkdirp@~1.0.4":
    "integrity" "sha512-vVqVZQyf3WLx2Shd0qJ9xuvqgAyKPLAiqITEtqW0oIUjzo3PePDd6fW9iFz30ef7Ysp/oiWqbhszeGWW2T6Gzw=="
    "resolved" "https://registry.npmjs.org/mkdirp/-/mkdirp-1.0.4.tgz"
    "version" "1.0.4"
  
  "ms@2.0.0":
    "integrity" "sha1-VgiurfwAvmwpAd9fmGF4jeDVl8g="
    "resolved" "https://registry.npmjs.org/ms/-/ms-2.0.0.tgz"
    "version" "2.0.0"
  
  "nan@^2.12.1":
    "integrity" "sha512-M2ufzIiINKCuDfBSAUr1vWQ+vuVcA9kqx8JJUsbQi6yf1uGRyb7HfpdfUr5qLXf3B/t8dPvcjhKMmlfnP47EzQ=="
    "resolved" "https://registry.npmjs.org/nan/-/nan-2.14.2.tgz"
    "version" "2.14.2"
  
  "nanomatch@^1.2.9":
    "integrity" "sha512-fpoe2T0RbHwBTBUOftAfBPaDEi06ufaUai0mE6Yn1kacc3SnTErfb/h+X94VXzI64rKFHYImXSvdwGGCmwOqCA=="
    "resolved" "https://registry.npmjs.org/nanomatch/-/nanomatch-1.2.13.tgz"
    "version" "1.2.13"
    dependencies:
      "arr-diff" "^4.0.0"
      "array-unique" "^0.3.2"
      "define-property" "^2.0.2"
      "extend-shallow" "^3.0.2"
      "fragment-cache" "^0.2.1"
      "is-windows" "^1.0.2"
      "kind-of" "^6.0.2"
      "object.pick" "^1.3.0"
      "regex-not" "^1.0.0"
      "snapdragon" "^0.8.1"
      "to-regex" "^3.0.1"
  
  "nice-try@^1.0.4":
    "integrity" "sha512-1nh45deeb5olNY7eX82BkPO7SSxR5SSYJiPTrTdFUVYwAl8CKMA5N9PjTYkHiRjisVcxcQ1HXdLhx2qxxJzLNQ=="
    "resolved" "https://registry.npmjs.org/nice-try/-/nice-try-1.0.5.tgz"
    "version" "1.0.5"
  
  "node-releases@^1.1.61":
    "integrity" "sha512-DD5vebQLg8jLCOzwupn954fbIiZht05DAZs0k2u8NStSe6h9XdsuIQL8hSRKYiU8WUQRznmSDrKGbv3ObOmC7g=="
    "resolved" "https://registry.npmjs.org/node-releases/-/node-releases-1.1.61.tgz"
    "version" "1.1.61"
  
  "nopt@~3.0.6":
    "integrity" "sha1-xkZdvwirzU2zWTF/eaxopkayj/k="
    "resolved" "https://registry.npmjs.org/nopt/-/nopt-3.0.6.tgz"
    "version" "3.0.6"
    dependencies:
      "abbrev" "1"
  
  "nopt@~4.0.1":
    "integrity" "sha512-CvaGwVMztSMJLOeXPrez7fyfObdZqNUK1cPAEzLHrTybIua9pMdmmPR5YwtfNftIOMv3DPUhFaxsZMNTQO20Kg=="
    "resolved" "https://registry.npmjs.org/nopt/-/nopt-4.0.3.tgz"
    "version" "4.0.3"
    dependencies:
      "abbrev" "1"
      "osenv" "^0.1.4"
  
  "normalize-path@^2.1.1":
    "integrity" "sha1-GrKLVW4Zg2Oowab35vogE3/mrtk="
    "resolved" "https://registry.npmjs.org/normalize-path/-/normalize-path-2.1.1.tgz"
    "version" "2.1.1"
    dependencies:
      "remove-trailing-separator" "^1.0.1"
  
  "normalize-path@^3.0.0":
    "integrity" "sha512-6eZs5Ls3WtCisHWp9S2GUy8dqkpGi4BVSz3GaqiE6ezub0512ESztXUwUB6C6IKbQkY2Pnb/mD4WYojCRwcwLA=="
    "resolved" "https://registry.npmjs.org/normalize-path/-/normalize-path-3.0.0.tgz"
    "version" "3.0.0"
  
  "normalize-range@^0.1.2":
    "integrity" "sha1-LRDAa9/TEuqXd2laTShDlFa3WUI="
    "resolved" "https://registry.npmjs.org/normalize-range/-/normalize-range-0.1.2.tgz"
    "version" "0.1.2"
  
  "npm-run-path@^2.0.0":
    "integrity" "sha1-NakjLfo11wZ7TLLd8jV7GHFTbF8="
    "resolved" "https://registry.npmjs.org/npm-run-path/-/npm-run-path-2.0.2.tgz"
    "version" "2.0.2"
    dependencies:
      "path-key" "^2.0.0"
  
  "num2fraction@^1.2.2":
    "integrity" "sha1-b2gragJ6Tp3fpFZM0lidHU5mnt4="
    "resolved" "https://registry.npmjs.org/num2fraction/-/num2fraction-1.2.2.tgz"
    "version" "1.2.2"
  
  "number-is-nan@^1.0.0":
    "integrity" "sha1-CXtgK1NCKlIsGvuHkDGDNpQaAR0="
    "resolved" "https://registry.npmjs.org/number-is-nan/-/number-is-nan-1.0.1.tgz"
    "version" "1.0.1"
  
  "object-assign@^4.1.0":
    "integrity" "sha1-IQmtx5ZYh8/AXLvUQsrIv7s2CGM="
    "resolved" "https://registry.npmjs.org/object-assign/-/object-assign-4.1.1.tgz"
    "version" "4.1.1"
  
  "object-copy@^0.1.0":
    "integrity" "sha1-fn2Fi3gb18mRpBupde04EnVOmYw="
    "resolved" "https://registry.npmjs.org/object-copy/-/object-copy-0.1.0.tgz"
    "version" "0.1.0"
    dependencies:
      "copy-descriptor" "^0.1.0"
      "define-property" "^0.2.5"
      "kind-of" "^3.0.3"
  
  "object-visit@^1.0.0":
    "integrity" "sha1-95xEk68MU3e1n+OdOV5BBC3QRbs="
    "resolved" "https://registry.npmjs.org/object-visit/-/object-visit-1.0.1.tgz"
    "version" "1.0.1"
    dependencies:
      "isobject" "^3.0.0"
  
  "object.defaults@^1.1.0":
    "integrity" "sha1-On+GgzS0B96gbaFtiNXNKeQ1/s8="
    "resolved" "https://registry.npmjs.org/object.defaults/-/object.defaults-1.1.0.tgz"
    "version" "1.1.0"
    dependencies:
      "array-each" "^1.0.1"
      "array-slice" "^1.0.0"
      "for-own" "^1.0.0"
      "isobject" "^3.0.0"
  
  "object.map@^1.0.1":
    "integrity" "sha1-z4Plncj8wK1fQlDh94s7gb2AHTc="
    "resolved" "https://registry.npmjs.org/object.map/-/object.map-1.0.1.tgz"
    "version" "1.0.1"
    dependencies:
      "for-own" "^1.0.0"
      "make-iterator" "^1.0.0"
  
  "object.pick@^1.2.0", "object.pick@^1.3.0":
    "integrity" "sha1-h6EKxMFpS9Lhy/U1kaZhQftd10c="
    "resolved" "https://registry.npmjs.org/object.pick/-/object.pick-1.3.0.tgz"
    "version" "1.3.0"
    dependencies:
      "isobject" "^3.0.1"
  
  "once@^1.3.0", "once@^1.3.1", "once@^1.4.0":
    "integrity" "sha1-WDsap3WWHUsROsF9nFC6753Xa9E="
    "resolved" "https://registry.npmjs.org/once/-/once-1.4.0.tgz"
    "version" "1.4.0"
    dependencies:
      "wrappy" "1"
  
  "os-homedir@^1.0.0", "os-homedir@^1.0.1":
    "integrity" "sha1-/7xJiDNuDoM94MFox+8VISGqf7M="
    "resolved" "https://registry.npmjs.org/os-homedir/-/os-homedir-1.0.2.tgz"
    "version" "1.0.2"
  
  "os-locale@^3.1.0":
    "integrity" "sha512-Z8l3R4wYWM40/52Z+S265okfFj8Kt2cC2MKY+xNi3kFs+XGI7WXu/I309QQQYbRW4ijiZ+yxs9pqEhJh0DqW3Q=="
    "resolved" "https://registry.npmjs.org/os-locale/-/os-locale-3.1.0.tgz"
    "version" "3.1.0"
    dependencies:
      "execa" "^1.0.0"
      "lcid" "^2.0.0"
      "mem" "^4.0.0"
  
  "os-tmpdir@^1.0.0":
    "integrity" "sha1-u+Z0BseaqFxc/sdm/lc0VV36EnQ="
    "resolved" "https://registry.npmjs.org/os-tmpdir/-/os-tmpdir-1.0.2.tgz"
    "version" "1.0.2"
  
  "osenv@^0.1.4":
    "integrity" "sha512-0CWcCECdMVc2Rw3U5w9ZjqX6ga6ubk1xDVKxtBQPK7wis/0F2r9T6k4ydGYhecl7YUBxBVxhL5oisPsNxAPe2g=="
    "resolved" "https://registry.npmjs.org/osenv/-/osenv-0.1.5.tgz"
    "version" "0.1.5"
    dependencies:
      "os-homedir" "^1.0.0"
      "os-tmpdir" "^1.0.0"
  
  "p-defer@^1.0.0":
    "integrity" "sha1-n26xgvbJqozXQwBKfU+WsZaw+ww="
    "resolved" "https://registry.npmjs.org/p-defer/-/p-defer-1.0.0.tgz"
    "version" "1.0.0"
  
  "p-finally@^1.0.0":
    "integrity" "sha1-P7z7FbiZpEEjs0ttzBi3JDNqLK4="
    "resolved" "https://registry.npmjs.org/p-finally/-/p-finally-1.0.0.tgz"
    "version" "1.0.0"
  
  "p-is-promise@^2.0.0":
    "integrity" "sha512-Y3W0wlRPK8ZMRbNq97l4M5otioeA5lm1z7bkNkxCka8HSPjR0xRWmpCmc9utiaLP9Jb1eD8BgeIxTW4AIF45Pg=="
    "resolved" "https://registry.npmjs.org/p-is-promise/-/p-is-promise-2.1.0.tgz"
    "version" "2.1.0"
  
  "p-limit@^1.1.0":
    "integrity" "sha512-vvcXsLAJ9Dr5rQOPk7toZQZJApBl2K4J6dANSsEuh6QI41JYcsS/qhTGa9ErIUUgK3WNQoJYvylxvjqmiqEA9Q=="
    "resolved" "https://registry.npmjs.org/p-limit/-/p-limit-1.3.0.tgz"
    "version" "1.3.0"
    dependencies:
      "p-try" "^1.0.0"
  
  "p-locate@^2.0.0":
    "integrity" "sha1-IKAQOyIqcMj9OcwuWAaA893l7EM="
    "resolved" "https://registry.npmjs.org/p-locate/-/p-locate-2.0.0.tgz"
    "version" "2.0.0"
    dependencies:
      "p-limit" "^1.1.0"
  
  "p-try@^1.0.0":
    "integrity" "sha1-y8ec26+P1CKOE/Yh8rGiN8GyB7M="
    "resolved" "https://registry.npmjs.org/p-try/-/p-try-1.0.0.tgz"
    "version" "1.0.0"
  
  "parse-filepath@^1.0.1":
    "integrity" "sha1-pjISf1Oq89FYdvWHLz/6x2PWyJE="
    "resolved" "https://registry.npmjs.org/parse-filepath/-/parse-filepath-1.0.2.tgz"
    "version" "1.0.2"
    dependencies:
      "is-absolute" "^1.0.0"
      "map-cache" "^0.2.0"
      "path-root" "^0.1.1"
  
  "parse-json@^2.2.0":
    "integrity" "sha1-9ID0BDTvgHQfhGkJn43qGPVaTck="
    "resolved" "https://registry.npmjs.org/parse-json/-/parse-json-2.2.0.tgz"
    "version" "2.2.0"
    dependencies:
      "error-ex" "^1.2.0"
  
  "parse-passwd@^1.0.0":
    "integrity" "sha1-bVuTSkVpk7I9N/QKOC1vFmao5cY="
    "resolved" "https://registry.npmjs.org/parse-passwd/-/parse-passwd-1.0.0.tgz"
    "version" "1.0.0"
  
  "pascalcase@^0.1.1":
    "integrity" "sha1-s2PlXoAGym/iF4TS2yK9FdeRfxQ="
    "resolved" "https://registry.npmjs.org/pascalcase/-/pascalcase-0.1.1.tgz"
    "version" "0.1.1"
  
  "path-dirname@^1.0.0":
    "integrity" "sha1-zDPSTVJeCZpTiMAzbG4yuRYGCeA="
    "resolved" "https://registry.npmjs.org/path-dirname/-/path-dirname-1.0.2.tgz"
    "version" "1.0.2"
  
  "path-exists@^3.0.0":
    "integrity" "sha1-zg6+ql94yxiSXqfYENe1mwEP1RU="
    "resolved" "https://registry.npmjs.org/path-exists/-/path-exists-3.0.0.tgz"
    "version" "3.0.0"
  
  "path-is-absolute@^1.0.0":
    "integrity" "sha1-F0uSaHNVNP+8es5r9TpanhtcX18="
    "resolved" "https://registry.npmjs.org/path-is-absolute/-/path-is-absolute-1.0.1.tgz"
    "version" "1.0.1"
  
  "path-key@^2.0.0", "path-key@^2.0.1":
    "integrity" "sha1-QRyttXTFoUDTpLGRDUDYDMn0C0A="
    "resolved" "https://registry.npmjs.org/path-key/-/path-key-2.0.1.tgz"
    "version" "2.0.1"
  
  "path-parse@^1.0.6":
    "integrity" "sha512-LDJzPVEEEPR+y48z93A0Ed0yXb8pAByGWo/k5YYdYgpY2/2EsOsksJrq7lOHxryrVOn1ejG6oAp8ahvOIQD8sw=="
    "resolved" "https://registry.npmjs.org/path-parse/-/path-parse-1.0.7.tgz"
    "version" "1.0.7"
  
  "path-root-regex@^0.1.0":
    "integrity" "sha1-v8zcjfWxLcUsi0PsONGNcsBLqW0="
    "resolved" "https://registry.npmjs.org/path-root-regex/-/path-root-regex-0.1.2.tgz"
    "version" "0.1.2"
  
  "path-root@^0.1.1":
    "integrity" "sha1-mkpoFMrBwM1zNgqV8yCDyOpHRbc="
    "resolved" "https://registry.npmjs.org/path-root/-/path-root-0.1.1.tgz"
    "version" "0.1.1"
    dependencies:
      "path-root-regex" "^0.1.0"
  
  "path-type@^3.0.0":
    "integrity" "sha512-T2ZUsdZFHgA3u4e5PfPbjd7HDDpxPnQb5jN0SrDsjNSuVXHJqtwTnWqG0B1jZrgmJ/7lj1EmVIByWt1gxGkWvg=="
    "resolved" "https://registry.npmjs.org/path-type/-/path-type-3.0.0.tgz"
    "version" "3.0.0"
    dependencies:
      "pify" "^3.0.0"
  
  "picomatch@^2.2.3":
    "integrity" "sha512-lY1Q/PiJGC2zOv/z391WOTD+Z02bCgsFfvxoXXf6h7kv9o+WmsmzYqrAwY63sNgOxE4xEdq0WyUnXfKeBrSvYw=="
    "resolved" "https://registry.npmjs.org/picomatch/-/picomatch-2.3.0.tgz"
    "version" "2.3.0"
  
  "pify@^2.3.0":
    "integrity" "sha1-7RQaasBDqEnqWISY59yosVMw6Qw="
    "resolved" "https://registry.npmjs.org/pify/-/pify-2.3.0.tgz"
    "version" "2.3.0"
  
  "pify@^3.0.0":
    "integrity" "sha1-5aSs0sEB/fPZpNB/DbxNtJ3SgXY="
    "resolved" "https://registry.npmjs.org/pify/-/pify-3.0.0.tgz"
    "version" "3.0.0"
  
  "posix-character-classes@^0.1.0":
    "integrity" "sha1-AerA/jta9xoqbAL+q7jB/vfgDqs="
    "resolved" "https://registry.npmjs.org/posix-character-classes/-/posix-character-classes-0.1.1.tgz"
    "version" "0.1.1"
  
  "postcss-cli@^5.0.1":
    "integrity" "sha512-yrvWl8axFdiXlJuVQRIHM4qskvl0F4/fWUUIYyYo0RV6lOdB0Vcyt8Rv7lBvtwVuNa0pClz88LgxzT4ZzC7UWA=="
    "resolved" "https://registry.npmjs.org/postcss-cli/-/postcss-cli-5.0.1.tgz"
    "version" "5.0.1"
    dependencies:
      "chalk" "^2.1.0"
      "chokidar" "^2.0.0"
      "dependency-graph" "^0.7.0"
      "fs-extra" "^5.0.0"
      "get-stdin" "^6.0.0"
      "globby" "^8.0.0"
      "postcss" "^6.0.1"
      "postcss-load-config" "^1.1.0"
      "postcss-reporter" "^5.0.0"
      "pretty-hrtime" "^1.0.3"
      "read-cache" "^1.0.0"
      "yargs" "^11.0.0"
  
  "postcss-load-config@^1.1.0":
    "integrity" "sha1-U56a/J3chiASHr+djDZz4M5Q0oo="
    "resolved" "https://registry.npmjs.org/postcss-load-config/-/postcss-load-config-1.2.0.tgz"
    "version" "1.2.0"
    dependencies:
      "cosmiconfig" "^2.1.0"
      "object-assign" "^4.1.0"
      "postcss-load-options" "^1.2.0"
      "postcss-load-plugins" "^2.3.0"
  
  "postcss-load-options@^1.2.0":
    "integrity" "sha1-sJixVZ3awt8EvAuzdfmaXP4rbYw="
    "resolved" "https://registry.npmjs.org/postcss-load-options/-/postcss-load-options-1.2.0.tgz"
    "version" "1.2.0"
    dependencies:
      "cosmiconfig" "^2.1.0"
      "object-assign" "^4.1.0"
  
  "postcss-load-plugins@^2.3.0":
    "integrity" "sha1-dFdoEWWZrKLwCfrUJrABdQSdjZI="
    "resolved" "https://registry.npmjs.org/postcss-load-plugins/-/postcss-load-plugins-2.3.0.tgz"
    "version" "2.3.0"
    dependencies:
      "cosmiconfig" "^2.1.1"
      "object-assign" "^4.1.0"
  
  "postcss-reporter@^5.0.0":
    "integrity" "sha512-rBkDbaHAu5uywbCR2XE8a25tats3xSOsGNx6mppK6Q9kSFGKc/FyAzfci+fWM2l+K402p1D0pNcfDGxeje5IKg=="
    "resolved" "https://registry.npmjs.org/postcss-reporter/-/postcss-reporter-5.0.0.tgz"
    "version" "5.0.0"
    dependencies:
      "chalk" "^2.0.1"
      "lodash" "^4.17.4"
      "log-symbols" "^2.0.0"
      "postcss" "^6.0.8"
  
  "postcss-value-parser@^4.1.0":
    "integrity" "sha512-97DXOFbQJhk71ne5/Mt6cOu6yxsSfM0QGQyl0L25Gca4yGWEGJaig7l7gbCX623VqTBNGLRLaVUCnNkcedlRSQ=="
    "resolved" "https://registry.npmjs.org/postcss-value-parser/-/postcss-value-parser-4.1.0.tgz"
    "version" "4.1.0"
  
  "postcss@^6.0.1", "postcss@^6.0.8":
    "integrity" "sha512-soOk1h6J3VMTZtVeVpv15/Hpdl2cBLX3CAw4TAbkpTJiNPk9YP/zWcD1ND+xEtvyuuvKzbxliTOIyvkSeSJ6ag=="
    "resolved" "https://registry.npmjs.org/postcss/-/postcss-6.0.23.tgz"
    "version" "6.0.23"
    dependencies:
      "chalk" "^2.4.1"
      "source-map" "^0.6.1"
      "supports-color" "^5.4.0"
  
  "postcss@^7.0.32":
    "integrity" "sha512-3QT8bBJeX/S5zKTTjTCIjRF3If4avAT6kqxcASlTWEtAFCb9NH0OUxNDfgZSWdP5fJnBYCMEWkIFfWeugjzYMg=="
    "resolved" "https://registry.npmjs.org/postcss/-/postcss-7.0.35.tgz"
    "version" "7.0.35"
    dependencies:
      "chalk" "^2.4.2"
      "source-map" "^0.6.1"
      "supports-color" "^6.1.0"
  
  "pretty-hrtime@^1.0.3":
    "integrity" "sha1-t+PqQkNaTJsnWdmeDyAesZWALuE="
    "resolved" "https://registry.npmjs.org/pretty-hrtime/-/pretty-hrtime-1.0.3.tgz"
    "version" "1.0.3"
  
  "process-nextick-args@~2.0.0":
    "integrity" "sha512-3ouUOpQhtgrbOa17J7+uxOTpITYWaGP7/AhoR3+A+/1e9skrzelGi/dXzEYyvbxubEF6Wn2ypscTKiKJFFn1ag=="
    "resolved" "https://registry.npmjs.org/process-nextick-args/-/process-nextick-args-2.0.1.tgz"
    "version" "2.0.1"
  
  "pump@^3.0.0":
    "integrity" "sha512-LwZy+p3SFs1Pytd/jYct4wpv49HiYCqd9Rlc5ZVdk0V+8Yzv6jR5Blk3TRmPL1ft69TxP0IMZGJ+WPFU2BFhww=="
    "resolved" "https://registry.npmjs.org/pump/-/pump-3.0.0.tgz"
    "version" "3.0.0"
    dependencies:
      "end-of-stream" "^1.1.0"
      "once" "^1.3.1"
  
  "read-cache@^1.0.0":
    "integrity" "sha1-5mTvMRYRZsl1HNvo28+GtftY93Q="
    "resolved" "https://registry.npmjs.org/read-cache/-/read-cache-1.0.0.tgz"
    "version" "1.0.0"
    dependencies:
      "pify" "^2.3.0"
  
  "readable-stream@^2.0.2":
    "integrity" "sha512-Ebho8K4jIbHAxnuxi7o42OrZgF/ZTNcsZj6nRKyUmkhLFq8CHItp/fy6hQZuZmP/n3yZ9VBUbp4zz/mX8hmYPw=="
    "resolved" "https://registry.npmjs.org/readable-stream/-/readable-stream-2.3.7.tgz"
    "version" "2.3.7"
    dependencies:
      "core-util-is" "~1.0.0"
      "inherits" "~2.0.3"
      "isarray" "~1.0.0"
      "process-nextick-args" "~2.0.0"
      "safe-buffer" "~5.1.1"
      "string_decoder" "~1.1.1"
      "util-deprecate" "~1.0.1"
  
  "readdirp@^2.2.1":
    "integrity" "sha512-1JU/8q+VgFZyxwrJ+SVIOsh+KywWGpds3NTqikiKpDMZWScmAYyKIgqkO+ARvNWJfXeXR1zxz7aHF4u4CyH6vQ=="
    "resolved" "https://registry.npmjs.org/readdirp/-/readdirp-2.2.1.tgz"
    "version" "2.2.1"
    dependencies:
      "graceful-fs" "^4.1.11"
      "micromatch" "^3.1.10"
      "readable-stream" "^2.0.2"
  
  "rechoir@^0.7.0":
    "integrity" "sha512-/njmZ8s1wVeR6pjTZ+0nCnv8SpZNRMT2D1RLOJQESlYFDBvwpTA4KWJpZ+sBJ4+vhjILRcK7JIFdGCdxEAAitg=="
    "resolved" "https://registry.npmjs.org/rechoir/-/rechoir-0.7.1.tgz"
    "version" "0.7.1"
    dependencies:
      "resolve" "^1.9.0"
  
  "regex-not@^1.0.0", "regex-not@^1.0.2":
    "integrity" "sha512-J6SDjUgDxQj5NusnOtdFxDwN/+HWykR8GELwctJ7mdqhcyy1xEc4SRFHUXvxTp661YaVKAjfRLZ9cCqS6tn32A=="
    "resolved" "https://registry.npmjs.org/regex-not/-/regex-not-1.0.2.tgz"
    "version" "1.0.2"
    dependencies:
      "extend-shallow" "^3.0.2"
      "safe-regex" "^1.1.0"
  
  "remove-markdown@^0.1.0":
    "integrity" "sha1-z4tm6eb8tKzJchBIre7no1dpi6k="
    "resolved" "https://registry.npmjs.org/remove-markdown/-/remove-markdown-0.1.0.tgz"
    "version" "0.1.0"
  
  "remove-trailing-separator@^1.0.1":
    "integrity" "sha1-wkvOKig62tW8P1jg1IJJuSN52O8="
    "resolved" "https://registry.npmjs.org/remove-trailing-separator/-/remove-trailing-separator-1.1.0.tgz"
    "version" "1.1.0"
  
  "repeat-element@^1.1.2":
    "integrity" "sha512-ahGq0ZnV5m5XtZLMb+vP76kcAM5nkLqk0lpqAuojSKGgQtn4eRi4ZZGm2olo2zKFH+sMsWaqOCW1dqAnOru72g=="
    "resolved" "https://registry.npmjs.org/repeat-element/-/repeat-element-1.1.3.tgz"
    "version" "1.1.3"
  
  "repeat-string@^1.6.1":
    "integrity" "sha1-jcrkcOHIirwtYA//Sndihtp15jc="
    "resolved" "https://registry.npmjs.org/repeat-string/-/repeat-string-1.6.1.tgz"
    "version" "1.6.1"
  
  "require-directory@^2.1.1":
    "integrity" "sha1-jGStX9MNqxyXbiNE/+f3kqam30I="
    "resolved" "https://registry.npmjs.org/require-directory/-/require-directory-2.1.1.tgz"
    "version" "2.1.1"
  
  "require-from-string@^1.1.0":
    "integrity" "sha1-UpyczvJzgK3+yaL5ZbZJu+5jZBg="
    "resolved" "https://registry.npmjs.org/require-from-string/-/require-from-string-1.2.1.tgz"
    "version" "1.2.1"
  
  "require-main-filename@^1.0.1":
    "integrity" "sha1-l/cXtp1IeE9fUmpsWqj/3aBVpNE="
    "resolved" "https://registry.npmjs.org/require-main-filename/-/require-main-filename-1.0.1.tgz"
    "version" "1.0.1"
  
  "resolve-dir@^1.0.0", "resolve-dir@^1.0.1":
    "integrity" "sha1-eaQGRMNivoLybv/nOcm7U4IEb0M="
    "resolved" "https://registry.npmjs.org/resolve-dir/-/resolve-dir-1.0.1.tgz"
    "version" "1.0.1"
    dependencies:
      "expand-tilde" "^2.0.0"
      "global-modules" "^1.0.0"
  
  "resolve-url@^0.2.1":
    "integrity" "sha1-LGN/53yJOv0qZj/iGqkIAGjiBSo="
    "resolved" "https://registry.npmjs.org/resolve-url/-/resolve-url-0.2.1.tgz"
    "version" "0.2.1"
  
  "resolve@^1.19.0", "resolve@^1.9.0":
    "integrity" "sha512-wENBPt4ySzg4ybFQW2TT1zMQucPK95HSh/nq2CFTZVOGut2+pQvSsgtda4d26YrYcr067wjbmzOG8byDPBX63A=="
    "resolved" "https://registry.npmjs.org/resolve/-/resolve-1.20.0.tgz"
    "version" "1.20.0"
    dependencies:
      "is-core-module" "^2.2.0"
      "path-parse" "^1.0.6"
  
  "ret@~0.1.10":
    "integrity" "sha512-TTlYpa+OL+vMMNG24xSlQGEJ3B/RzEfUlLct7b5G/ytav+wPrplCpVMFuwzXbkecJrb6IYo1iFb0S9v37754mg=="
    "resolved" "https://registry.npmjs.org/ret/-/ret-0.1.15.tgz"
    "version" "0.1.15"
  
  "rimraf@~3.0.2":
    "integrity" "sha512-JZkJMZkAGFFPP2YqXZXPbMlMBgsxzE8ILs4lMIX/2o0L9UBw9O/Y3o6wFw/i9YLapcUJWwqbi3kdxIPdC62TIA=="
    "resolved" "https://registry.npmjs.org/rimraf/-/rimraf-3.0.2.tgz"
    "version" "3.0.2"
    dependencies:
      "glob" "^7.1.3"
  
  "safe-buffer@~5.1.0", "safe-buffer@~5.1.1":
    "integrity" "sha512-Gd2UZBJDkXlY7GbJxfsE8/nvKkUEU1G38c1siN6QP6a9PT9MmHB8GnpscSmMJSoF8LOIrt8ud/wPtojys4G6+g=="
    "resolved" "https://registry.npmjs.org/safe-buffer/-/safe-buffer-5.1.2.tgz"
    "version" "5.1.2"
  
  "safe-regex@^1.1.0":
    "integrity" "sha1-QKNmnzsHfR6UPURinhV91IAjvy4="
    "resolved" "https://registry.npmjs.org/safe-regex/-/safe-regex-1.1.0.tgz"
    "version" "1.1.0"
    dependencies:
      "ret" "~0.1.10"
  
  "safer-buffer@>= 2.1.2 < 3":
    "integrity" "sha512-YZo3K82SD7Riyi0E1EQPojLz7kpepnSQI9IyPbHHg1XXXevb5dJI7tpyN2ADxGcQbHG7vcyRHk0cbwqcQriUtg=="
    "resolved" "https://registry.npmjs.org/safer-buffer/-/safer-buffer-2.1.2.tgz"
    "version" "2.1.2"
  
  "semver@^5.5.0":
    "integrity" "sha512-sauaDf/PZdVgrLTNYHRtpXa1iRiKcaebiKQ1BJdpQlWH2lCvexQdX55snPFyK7QzpudqbCI0qXFfOasHdyNDGQ=="
    "resolved" "https://registry.npmjs.org/semver/-/semver-5.7.1.tgz"
    "version" "5.7.1"
  
  "set-blocking@^2.0.0":
    "integrity" "sha1-BF+XgtARrppoA93TgrJDkrPYkPc="
    "resolved" "https://registry.npmjs.org/set-blocking/-/set-blocking-2.0.0.tgz"
    "version" "2.0.0"
  
  "set-value@^2.0.0", "set-value@^2.0.1":
    "integrity" "sha512-JxHc1weCN68wRY0fhCoXpyK55m/XPHafOmK4UWD7m2CI14GMcFypt4w/0+NV5f/ZMby2F6S2wwA7fgynh9gWSw=="
    "resolved" "https://registry.npmjs.org/set-value/-/set-value-2.0.1.tgz"
    "version" "2.0.1"
    dependencies:
      "extend-shallow" "^2.0.1"
      "is-extendable" "^0.1.1"
      "is-plain-object" "^2.0.3"
      "split-string" "^3.0.1"
  
  "shebang-command@^1.2.0":
    "integrity" "sha1-RKrGW2lbAzmJaMOfNj/uXer98eo="
    "resolved" "https://registry.npmjs.org/shebang-command/-/shebang-command-1.2.0.tgz"
    "version" "1.2.0"
    dependencies:
      "shebang-regex" "^1.0.0"
  
  "shebang-regex@^1.0.0":
    "integrity" "sha1-2kL0l0DAtC2yypcoVxyxkMmO/qM="
    "resolved" "https://registry.npmjs.org/shebang-regex/-/shebang-regex-1.0.0.tgz"
    "version" "1.0.0"
  
  "signal-exit@^3.0.0":
    "integrity" "sha512-VUJ49FC8U1OxwZLxIbTTrDvLnf/6TDgxZcK8wxR8zs13xpx7xbG60ndBlhNrFi2EMuFRoeDoJO7wthSLq42EjA=="
    "resolved" "https://registry.npmjs.org/signal-exit/-/signal-exit-3.0.3.tgz"
    "version" "3.0.3"
  
  "slang@>=0.2":
    "integrity" "sha1-E691tPDAGMaoGT1wT2WyO+T7q9w="
    "resolved" "https://registry.npmjs.org/slang/-/slang-0.3.0.tgz"
    "version" "0.3.0"
  
  "slash@^1.0.0":
    "integrity" "sha1-xB8vbDn8FtHNF61LXYlhFK5HDVU="
    "resolved" "https://registry.npmjs.org/slash/-/slash-1.0.0.tgz"
    "version" "1.0.0"
  
  "snapdragon-node@^2.0.1":
    "integrity" "sha512-O27l4xaMYt/RSQ5TR3vpWCAB5Kb/czIcqUFOM/C4fYcLnbZUc1PkjTAMjof2pBWaSTwOUd6qUHcFGVGj7aIwnw=="
    "resolved" "https://registry.npmjs.org/snapdragon-node/-/snapdragon-node-2.1.1.tgz"
    "version" "2.1.1"
    dependencies:
      "define-property" "^1.0.0"
      "isobject" "^3.0.0"
      "snapdragon-util" "^3.0.1"
  
  "snapdragon-util@^3.0.1":
    "integrity" "sha512-mbKkMdQKsjX4BAL4bRYTj21edOf8cN7XHdYUJEe+Zn99hVEYcMvKPct1IqNe7+AZPirn8BCDOQBHQZknqmKlZQ=="
    "resolved" "https://registry.npmjs.org/snapdragon-util/-/snapdragon-util-3.0.1.tgz"
    "version" "3.0.1"
    dependencies:
      "kind-of" "^3.2.0"
  
  "snapdragon@^0.8.1":
    "integrity" "sha512-FtyOnWN/wCHTVXOMwvSv26d+ko5vWlIDD6zoUJ7LW8vh+ZBC8QdljveRP+crNrtBwioEUWy/4dMtbBjA4ioNlg=="
    "resolved" "https://registry.npmjs.org/snapdragon/-/snapdragon-0.8.2.tgz"
    "version" "0.8.2"
    dependencies:
      "base" "^0.11.1"
      "debug" "^2.2.0"
      "define-property" "^0.2.5"
      "extend-shallow" "^2.0.1"
      "map-cache" "^0.2.2"
      "source-map" "^0.5.6"
      "source-map-resolve" "^0.5.0"
      "use" "^3.1.0"
  
  "source-map-resolve@^0.5.0":
    "integrity" "sha512-Htz+RnsXWk5+P2slx5Jh3Q66vhQj1Cllm0zvnaY98+NFx+Dv2CF/f5O/t8x+KaNdrdIAsruNzoh/KpialbqAnw=="
    "resolved" "https://registry.npmjs.org/source-map-resolve/-/source-map-resolve-0.5.3.tgz"
    "version" "0.5.3"
    dependencies:
      "atob" "^2.1.2"
      "decode-uri-component" "^0.2.0"
      "resolve-url" "^0.2.1"
      "source-map-url" "^0.4.0"
      "urix" "^0.1.0"
  
  "source-map-url@^0.4.0":
    "integrity" "sha1-PpNdfd1zYxuXZZlW1VEo6HtQhKM="
    "resolved" "https://registry.npmjs.org/source-map-url/-/source-map-url-0.4.0.tgz"
    "version" "0.4.0"
  
  "source-map@^0.5.6":
    "integrity" "sha1-igOdLRAh0i0eoUyA2OpGi6LvP8w="
    "resolved" "https://registry.npmjs.org/source-map/-/source-map-0.5.7.tgz"
    "version" "0.5.7"
  
  "source-map@^0.6.1":
    "integrity" "sha512-UjgapumWlbMhkBgzT7Ykc5YXUT46F0iKu8SGXq0bcwP5dz/h0Plj6enJqjz1Zbq2l5WaqYnrVbwWOWMyF3F47g=="
    "resolved" "https://registry.npmjs.org/source-map/-/source-map-0.6.1.tgz"
    "version" "0.6.1"
  
  "split-string@^3.0.1", "split-string@^3.0.2":
    "integrity" "sha512-NzNVhJDYpwceVVii8/Hu6DKfD2G+NrQHlS/V/qgv763EYudVwEcMQNxd2lh+0VrUByXN/oJkl5grOhYWvQUYiw=="
    "resolved" "https://registry.npmjs.org/split-string/-/split-string-3.1.0.tgz"
    "version" "3.1.0"
    dependencies:
      "extend-shallow" "^3.0.0"
  
  "sprintf-js@^1.0.3", "sprintf-js@~1.0.2":
    "integrity" "sha1-BOaSb2YolTVPPdAVIDYzuFcpfiw="
    "resolved" "https://registry.npmjs.org/sprintf-js/-/sprintf-js-1.0.3.tgz"
    "version" "1.0.3"
  
  "static-extend@^0.1.1":
    "integrity" "sha1-YICcOcv/VTNyJv1eC1IPNB8ftcY="
    "resolved" "https://registry.npmjs.org/static-extend/-/static-extend-0.1.2.tgz"
    "version" "0.1.2"
    dependencies:
      "define-property" "^0.2.5"
      "object-copy" "^0.1.0"
  
  "string_decoder@~1.1.1":
    "integrity" "sha512-n/ShnvDi6FHbbVfviro+WojiFzv+s8MPMHBczVePfUpDJLwoLT0ht1l4YwBCbi8pJAveEEdnkHyPyTP/mzRfwg=="
    "resolved" "https://registry.npmjs.org/string_decoder/-/string_decoder-1.1.1.tgz"
    "version" "1.1.1"
    dependencies:
      "safe-buffer" "~5.1.0"
  
  "string-width@^1.0.1":
    "integrity" "sha1-EYvfW4zcUaKn5w0hHgfisLmxB9M="
    "resolved" "https://registry.npmjs.org/string-width/-/string-width-1.0.2.tgz"
    "version" "1.0.2"
    dependencies:
      "code-point-at" "^1.0.0"
      "is-fullwidth-code-point" "^1.0.0"
      "strip-ansi" "^3.0.0"
  
  "string-width@^2.0.0", "string-width@^2.1.1":
    "integrity" "sha512-nOqH59deCq9SRHlxq1Aw85Jnt4w6KvLKqWVik6oA9ZklXLNIOlqg4F2yrT1MVaTjAqvVwdfeZ7w7aCvJD7ugkw=="
    "resolved" "https://registry.npmjs.org/string-width/-/string-width-2.1.1.tgz"
    "version" "2.1.1"
    dependencies:
      "is-fullwidth-code-point" "^2.0.0"
      "strip-ansi" "^4.0.0"
  
  "string@^3.3.3":
    "integrity" "sha1-XqIRzZLSKOGEKUmQpsyXs2anfLA="
    "resolved" "https://registry.npmjs.org/string/-/string-3.3.3.tgz"
    "version" "3.3.3"
  
  "strip-ansi@^3.0.0", "strip-ansi@^3.0.1":
    "integrity" "sha1-ajhfuIU9lS1f8F0Oiq+UJ43GPc8="
    "resolved" "https://registry.npmjs.org/strip-ansi/-/strip-ansi-3.0.1.tgz"
    "version" "3.0.1"
    dependencies:
      "ansi-regex" "^2.0.0"
  
  "strip-ansi@^4.0.0":
    "integrity" "sha1-qEeQIusaw2iocTibY1JixQXuNo8="
    "resolved" "https://registry.npmjs.org/strip-ansi/-/strip-ansi-4.0.0.tgz"
    "version" "4.0.0"
    dependencies:
      "ansi-regex" "^3.0.0"
  
  "strip-eof@^1.0.0":
    "integrity" "sha1-u0P/VZim6wXYm1n80SnJgzE2Br8="
    "resolved" "https://registry.npmjs.org/strip-eof/-/strip-eof-1.0.0.tgz"
    "version" "1.0.0"
  
  "striptags@^2.1.1":
    "integrity" "sha1-TEULcI1BuL85zyTEn/I0/Gqr/TI="
    "resolved" "https://registry.npmjs.org/striptags/-/striptags-2.2.1.tgz"
    "version" "2.2.1"
  
  "supports-color@^5.3.0", "supports-color@^5.4.0":
    "integrity" "sha512-QjVjwdXIt408MIiAqCX4oUKsgU2EqAGzs2Ppkm4aQYbjm+ZEWEcW4SfFNTr4uMNZma0ey4f5lgLrkB0aX0QMow=="
    "resolved" "https://registry.npmjs.org/supports-color/-/supports-color-5.5.0.tgz"
    "version" "5.5.0"
    dependencies:
      "has-flag" "^3.0.0"
  
  "supports-color@^6.1.0":
    "integrity" "sha512-qe1jfm1Mg7Nq/NSh6XE24gPXROEVsWHxC1LIx//XNlD9iw7YZQGjZNjYN7xGaEG6iKdA8EtNFW6R0gjnVXp+wQ=="
    "resolved" "https://registry.npmjs.org/supports-color/-/supports-color-6.1.0.tgz"
    "version" "6.1.0"
    dependencies:
      "has-flag" "^3.0.0"
  
  "supports-color@^7.1.0":
    "integrity" "sha512-qpCAvRl9stuOHveKsn7HncJRvv501qIacKzQlO/+Lwxc9+0q2wLyv4Dfvt80/DPn2pqOBsJdDiogXGR9+OvwRw=="
    "resolved" "https://registry.npmjs.org/supports-color/-/supports-color-7.2.0.tgz"
    "version" "7.2.0"
    dependencies:
      "has-flag" "^4.0.0"
  
  "to-object-path@^0.3.0":
    "integrity" "sha1-KXWIt7Dn4KwI4E5nL4XB9JmeF68="
    "resolved" "https://registry.npmjs.org/to-object-path/-/to-object-path-0.3.0.tgz"
    "version" "0.3.0"
    dependencies:
      "kind-of" "^3.0.2"
  
  "to-regex-range@^2.1.0":
    "integrity" "sha1-fIDBe53+vlmeJzZ+DU3VWQFB2zg="
    "resolved" "https://registry.npmjs.org/to-regex-range/-/to-regex-range-2.1.1.tgz"
    "version" "2.1.1"
    dependencies:
      "is-number" "^3.0.0"
      "repeat-string" "^1.6.1"
  
  "to-regex-range@^5.0.1":
    "integrity" "sha512-65P7iz6X5yEr1cwcgvQxbbIw7Uk3gOy5dIdtZ4rDveLqhrdJP+Li/Hx6tyK0NEb+2GCyneCMJiGqrADCSNk8sQ=="
    "resolved" "https://registry.npmjs.org/to-regex-range/-/to-regex-range-5.0.1.tgz"
    "version" "5.0.1"
    dependencies:
      "is-number" "^7.0.0"
  
  "to-regex@^3.0.1", "to-regex@^3.0.2":
    "integrity" "sha512-FWtleNAtZ/Ki2qtqej2CXTOayOH9bHDQF+Q48VpWyDXjbYxA4Yz8iDB31zXOBUlOHHKidDbqGVrTUvQMPmBGBw=="
    "resolved" "https://registry.npmjs.org/to-regex/-/to-regex-3.0.2.tgz"
    "version" "3.0.2"
    dependencies:
      "define-property" "^2.0.2"
      "extend-shallow" "^3.0.2"
      "regex-not" "^1.0.2"
      "safe-regex" "^1.1.0"
  
  "toml@^2.3.0":
    "integrity" "sha512-gVweAectJU3ebq//Ferr2JUY4WKSDe5N+z0FvjDncLGyHmIDoxgY/2Ie4qfEIDm4IS7OA6Rmdm7pdEEdMcV/xQ=="
    "resolved" "https://registry.npmjs.org/toml/-/toml-2.3.6.tgz"
    "version" "2.3.6"
  
  "toml@^2.3.2":
    "integrity" "sha512-gVweAectJU3ebq//Ferr2JUY4WKSDe5N+z0FvjDncLGyHmIDoxgY/2Ie4qfEIDm4IS7OA6Rmdm7pdEEdMcV/xQ=="
    "resolved" "https://registry.npmjs.org/toml/-/toml-2.3.6.tgz"
    "version" "2.3.6"
  
  "toml@^3.0.0":
    "integrity" "sha512-y/mWCZinnvxjTKYhJ+pYxwD0mRLVvOtdS2Awbgxln6iEnt4rk0yBxeSBHkGJcPucRiG0e55mwWp+g/05rsrd6w=="
    "resolved" "https://registry.npmjs.org/toml/-/toml-3.0.0.tgz"
    "version" "3.0.0"
  
  "unc-path-regex@^0.1.2":
    "integrity" "sha1-5z3T17DXxe2G+6xrCufYxqadUPo="
    "resolved" "https://registry.npmjs.org/unc-path-regex/-/unc-path-regex-0.1.2.tgz"
    "version" "0.1.2"
  
  "underscore.string@~3.3.5":
    "integrity" "sha512-g+dpmgn+XBneLmXXo+sGlW5xQEt4ErkS3mgeN2GFbremYeMBSJKr9Wf2KJplQVaiPY/f7FN6atosWYNm9ovrYg=="
    "resolved" "https://registry.npmjs.org/underscore.string/-/underscore.string-3.3.5.tgz"
    "version" "3.3.5"
    dependencies:
      "sprintf-js" "^1.0.3"
      "util-deprecate" "^1.0.2"
  
  "union-value@^1.0.0":
    "integrity" "sha512-tJfXmxMeWYnczCVs7XAEvIV7ieppALdyepWMkHkwciRpZraG/xwT+s2JN8+pr1+8jCRf80FFzvr+MpQeeoF4Xg=="
    "resolved" "https://registry.npmjs.org/union-value/-/union-value-1.0.1.tgz"
    "version" "1.0.1"
    dependencies:
      "arr-union" "^3.1.0"
      "get-value" "^2.0.6"
      "is-extendable" "^0.1.1"
      "set-value" "^2.0.1"
  
  "universalify@^0.1.0":
    "integrity" "sha512-rBJeI5CXAlmy1pV+617WB9J63U6XcazHHF2f2dbJix4XzpUF0RS3Zbj0FGIOCAva5P/d/GBOYaACQ1w+0azUkg=="
    "resolved" "https://registry.npmjs.org/universalify/-/universalify-0.1.2.tgz"
    "version" "0.1.2"
  
  "unset-value@^1.0.0":
    "integrity" "sha1-g3aHP30jNRef+x5vw6jtDfyKtVk="
    "resolved" "https://registry.npmjs.org/unset-value/-/unset-value-1.0.0.tgz"
    "version" "1.0.0"
    dependencies:
      "has-value" "^0.3.1"
      "isobject" "^3.0.0"
  
  "upath@^1.1.1":
    "integrity" "sha512-aZwGpamFO61g3OlfT7OQCHqhGnW43ieH9WZeP7QxN/G/jS4jfqUkZxoryvJgVPEcrl5NL/ggHsSmLMHuH64Lhg=="
    "resolved" "https://registry.npmjs.org/upath/-/upath-1.2.0.tgz"
    "version" "1.2.0"
  
  "urix@^0.1.0":
    "integrity" "sha1-2pN/emLiH+wf0Y1Js1wpNQZ6bHI="
    "resolved" "https://registry.npmjs.org/urix/-/urix-0.1.0.tgz"
    "version" "0.1.0"
  
  "use@^3.1.0":
    "integrity" "sha512-cwESVXlO3url9YWlFW/TA9cshCEhtu7IKJ/p5soJ/gGpj7vbvFrAY/eIioQ6Dw23KjZhYgiIo8HOs1nQ2vr/oQ=="
    "resolved" "https://registry.npmjs.org/use/-/use-3.1.1.tgz"
    "version" "3.1.1"
  
  "util-deprecate@^1.0.2", "util-deprecate@~1.0.1":
    "integrity" "sha1-RQ1Nyfpw3nMnYvvS1KKJgUGaDM8="
    "resolved" "https://registry.npmjs.org/util-deprecate/-/util-deprecate-1.0.2.tgz"
    "version" "1.0.2"
  
  "v8flags@~3.2.0":
    "integrity" "sha512-mH8etigqMfiGWdeXpaaqGfs6BndypxusHHcv2qSHyZkGEznCd/qAXCWWRzeowtL54147cktFOC4P5y+kl8d8Jg=="
    "resolved" "https://registry.npmjs.org/v8flags/-/v8flags-3.2.0.tgz"
    "version" "3.2.0"
    dependencies:
      "homedir-polyfill" "^1.0.1"
  
  "which-module@^2.0.0":
    "integrity" "sha1-2e8H3Od7mQK4o6j6SzHD4/fm6Ho="
    "resolved" "https://registry.npmjs.org/which-module/-/which-module-2.0.0.tgz"
    "version" "2.0.0"
  
  "which@^1.2.14", "which@^1.2.9":
    "integrity" "sha512-HxJdYWq1MTIQbJ3nw0cqssHoTNU267KlrDuGZ1WYlxDStUtKUhOaJmh112/TZmHxxUfuJqPXSOm7tDyas0OSIQ=="
    "resolved" "https://registry.npmjs.org/which/-/which-1.3.1.tgz"
    "version" "1.3.1"
    dependencies:
      "isexe" "^2.0.0"
  
  "which@~2.0.2":
    "integrity" "sha512-BLI3Tl1TW3Pvl70l3yq3Y64i+awpwXqsGBYWkkqMtnbXgrMD+yj7rhW0kuEDxzJaYXGjEW5ogapKNMEKNMjibA=="
    "resolved" "https://registry.npmjs.org/which/-/which-2.0.2.tgz"
    "version" "2.0.2"
    dependencies:
      "isexe" "^2.0.0"
  
  "wkhtmltopdf@^0.4.0":
    "integrity" "sha512-PXvsPehsmP1HeUDPx5qofitc+TJ0+Gb4Xn11iPJnHrLgXwyzRUzn9/b2t+soE+fwBMqUPs4Wchd0CRW+52MkNQ=="
    "resolved" "https://registry.npmjs.org/wkhtmltopdf/-/wkhtmltopdf-0.4.0.tgz"
    "version" "0.4.0"
    dependencies:
      "is-stream" "^1.0.1"
      "slang" ">=0.2"
  
  "wrap-ansi@^2.0.0":
    "integrity" "sha1-2Pw9KE3QV5T+hJc8rs3Rz4JP3YU="
    "resolved" "https://registry.npmjs.org/wrap-ansi/-/wrap-ansi-2.1.0.tgz"
    "version" "2.1.0"
    dependencies:
      "string-width" "^1.0.1"
      "strip-ansi" "^3.0.1"
  
  "wrappy@1":
    "integrity" "sha1-tSQ9jz7BqjXxNkYFvA0QNuMKtp8="
    "resolved" "https://registry.npmjs.org/wrappy/-/wrappy-1.0.2.tgz"
    "version" "1.0.2"
  
  "y18n@^3.2.1":
    "integrity" "sha1-bRX7qITAhnnA136I53WegR4H+kE="
    "resolved" "https://registry.npmjs.org/y18n/-/y18n-3.2.1.tgz"
    "version" "3.2.1"
  
  "yargs-parser@^9.0.2":
    "integrity" "sha1-nM9qQ0YP5O1Aqbto9I1DuKaMwHc="
    "resolved" "https://registry.npmjs.org/yargs-parser/-/yargs-parser-9.0.2.tgz"
    "version" "9.0.2"
    dependencies:
      "camelcase" "^4.1.0"
  
  "yargs@^11.0.0":
    "integrity" "sha512-PRU7gJrJaXv3q3yQZ/+/X6KBswZiaQ+zOmdprZcouPYtQgvNU35i+68M4b1ZHLZtYFT5QObFLV+ZkmJYcwKdiw=="
    "resolved" "https://registry.npmjs.org/yargs/-/yargs-11.1.1.tgz"
    "version" "11.1.1"
    dependencies:
      "cliui" "^4.0.0"
      "decamelize" "^1.1.1"
      "find-up" "^2.1.0"
      "get-caller-file" "^1.0.1"
      "os-locale" "^3.1.0"
      "require-directory" "^2.1.1"
      "require-main-filename" "^1.0.1"
      "set-blocking" "^2.0.0"
      "string-width" "^2.0.0"
      "which-module" "^2.0.0"
      "y18n" "^3.2.1"
      "yargs-parser" "^9.0.2"
